#
# A fatal error has been detected by the Java Runtime Environment:
#
#  EXCEPTION_ACCESS_VIOLATION (0xc0000005) at pc=0x0000000010014ed4, pid=11120, tid=0x0000000000001494
#
# JRE version: Java(TM) SE Runtime Environment (8.0_261-b12) (build 1.8.0_261-b12)
# Java VM: Java HotSpot(TM) 64-Bit Server VM (25.261-b12 mixed mode windows-amd64 compressed oops)
# Problematic frame:
# C  [sigar-amd64-winnt.dll+0x14ed4]
#
# Failed to write core dump. Minidumps are not enabled by default on client versions of Windows
#
# If you would like to submit a bug report, please visit:
#   http://bugreport.java.com/bugreport/crash.jsp
# The crash happened outside the Java Virtual Machine in native code.
# See problematic frame for where to report the bug.
#

---------------  T H R E A D  ---------------

Current thread (0x00000294a8968000):  JavaThread "main" [_thread_in_native, id=5268, stack(0x000000a6f1e00000,0x000000a6f1f00000)]

siginfo: ExceptionCode=0xc0000005, reading address 0xffffffffc8580d88

Registers:
RAX=0xffffffffc8580c50, RBX=0x00000294c8223fd0, RCX=0x00000294a89681f8, RDX=0x000000a6f1efeff8
RSP=0x000000a6f1efee50, RBP=0x000000a6f1efefd8, RSI=0x0000000040200021, RDI=0x00000294aa7e837d
R8 =0x0000000000000032, R9 =0x000000076dbac9e8, R10=0x0000000000000030, R11=0x0000000054396a1c
R12=0x0000000000000000, R13=0x00000294c8223fc8, R14=0x000000a6f1efeff8, R15=0x00000294a8968000
RIP=0x0000000010014ed4, EFLAGS=0x0000000000010286

Top of Stack: (sp=0x000000a6f1efee50)
0x000000a6f1efee50:   00000294a89681f8 000000a6f1efeff8
0x000000a6f1efee60:   00000294a8968000 00000294c8223fc8
0x000000a6f1efee70:   ffffffffc8580c50 000000a6f1efeff8
0x000000a6f1efee80:   000000a6f1efefd8 0000000010024618
0x000000a6f1efee90:   00000294a89681f8 000000a6f1efeff8
0x000000a6f1efeea0:   0000000040200021 00000294aa7e837d
0x000000a6f1efeeb0:   00000294c8223fd0 0000000000000000
0x000000a6f1efeec0:   00000294a89f7e80 000000a6f1efeff8
0x000000a6f1efeed0:   000000a6f1efefd8 0000000053c828eb
0x000000a6f1efeee0:   000000a6f1efef10 0000000000000000
0x000000a6f1efeef0:   00000294c8223fd0 00000294a8950790
0x000000a6f1efef00:   00000294c8223fd0 00000294a8968000
0x000000a6f1efef10:   00000294c8223fd0 00000294a8968000
0x000000a6f1efef20:   00000294aa7e837d 0000000040200021
0x000000a6f1efef30:   00000294c8223fd0 00000294aa7f9da6
0x000000a6f1efef40:   00000294c8223f00 00000294c8223fd0 

Instructions: (pc=0x0000000010014ed4)
0x0000000010014eb4:   7c 24 20 00 75 15 48 8d 15 df 58 04 00 48 8b 4c
0x0000000010014ec4:   24 40 e8 45 00 00 00 33 c0 eb 32 48 8b 44 24 20
0x0000000010014ed4:   83 b8 38 01 00 00 00 74 1f 48 8b 44 24 20 44 8b
0x0000000010014ee4:   80 38 01 00 00 48 8b 54 24 20 48 8b 4c 24 40 e8 


Register to memory mapping:

RAX=0xffffffffc8580c50 is an unknown value
RBX={method} {0x00000294c8223fd8} 'getNetRouteList' '()[Lorg/hyperic/sigar/NetRoute;' in 'org/hyperic/sigar/Sigar'
RCX=0x00000294a89681f8 is an unknown value
RDX=0x000000a6f1efeff8 is pointing into the stack for thread: 0x00000294a8968000
RSP=0x000000a6f1efee50 is pointing into the stack for thread: 0x00000294a8968000
RBP=0x000000a6f1efefd8 is pointing into the stack for thread: 0x00000294a8968000
RSI=0x0000000040200021 is an unknown value
RDI=0x00000294aa7e837d is at code_begin+2301 in an Interpreter codelet
invoke return entry points  [0x00000294aa7e7a80, 0x00000294aa7e8460]  2528 bytes
R8 =0x0000000000000032 is an unknown value
R9 =0x000000076dbac9e8 is an oop
org.hyperic.sigar.Sigar 
 - klass: 'org/hyperic/sigar/Sigar'
R10=0x0000000000000030 is an unknown value
R11=0x0000000054396a1c is an unknown value
R12=0x0000000000000000 is an unknown value
R13=0x00000294c8223fc8 is pointing into metadata
R14=0x000000a6f1efeff8 is pointing into the stack for thread: 0x00000294a8968000
R15=0x00000294a8968000 is a thread


Stack: [0x000000a6f1e00000,0x000000a6f1f00000],  sp=0x000000a6f1efee50,  free space=1019k
Native frames: (J=compiled Java code, j=interpreted, Vv=VM code, C=native code)
C  [sigar-amd64-winnt.dll+0x14ed4]
C  [sigar-amd64-winnt.dll+0x24618]
C  0x00000294aa7f9f4e

Java frames: (J=compiled Java code, j=interpreted, Vv=VM code)
j  org.hyperic.sigar.Sigar.getNetRouteList()[Lorg/hyperic/sigar/NetRoute;+0
j  com.example.deviceinfo.infoGetter.DevInfoGetter.getNetInfo()Ljava/util/List;+19
j  com.example.deviceinfo.infoGetter.DevInfoGetter.getDevInfo()Lcom/example/deviceinfo/infoGetter/DeviceInfo;+9
j  com.example.deviceinfo.DeviceInfoApplication.run([Ljava/lang/String;)V+4
j  org.springframework.boot.SpringApplication.callRunner(Lorg/springframework/boot/CommandLineRunner;Lorg/springframework/boot/ApplicationArguments;)V+7
j  org.springframework.boot.SpringApplication.callRunners(Lorg/springframework/context/ApplicationContext;Lorg/springframework/boot/ApplicationArguments;)V+119
j  org.springframework.boot.SpringApplication.run([Ljava/lang/String;)Lorg/springframework/context/ConfigurableApplicationContext;+169
j  com.example.deviceinfo.DeviceInfoApplication.main([Ljava/lang/String;)V+37
v  ~StubRoutines::call_stub

---------------  P R O C E S S  ---------------

Java Threads: ( => current thread )
  0x00000294c6ef2800 JavaThread "http-nio-8085-Acceptor" daemon [_thread_in_native, id=2568, stack(0x000000a6f4200000,0x000000a6f4300000)]
  0x00000294c6ef1800 JavaThread "http-nio-8085-Poller" daemon [_thread_in_native, id=1112, stack(0x000000a6f4100000,0x000000a6f4200000)]
  0x00000294c6ef1000 JavaThread "http-nio-8085-exec-10" daemon [_thread_blocked, id=6720, stack(0x000000a6f4000000,0x000000a6f4100000)]
  0x00000294c6ef0000 JavaThread "http-nio-8085-exec-9" daemon [_thread_blocked, id=9944, stack(0x000000a6f3f00000,0x000000a6f4000000)]
  0x00000294c6eef800 JavaThread "http-nio-8085-exec-8" daemon [_thread_blocked, id=15484, stack(0x000000a6f3e00000,0x000000a6f3f00000)]
  0x00000294c6eee800 JavaThread "http-nio-8085-exec-7" daemon [_thread_blocked, id=8628, stack(0x000000a6f3d00000,0x000000a6f3e00000)]
  0x00000294c6ef3000 JavaThread "http-nio-8085-exec-6" daemon [_thread_blocked, id=6944, stack(0x000000a6f3c00000,0x000000a6f3d00000)]
  0x00000294c6eec800 JavaThread "http-nio-8085-exec-5" daemon [_thread_blocked, id=11932, stack(0x000000a6f3b00000,0x000000a6f3c00000)]
  0x00000294c6ebb000 JavaThread "http-nio-8085-exec-4" daemon [_thread_blocked, id=5704, stack(0x000000a6f3a00000,0x000000a6f3b00000)]
  0x00000294c6eb8800 JavaThread "http-nio-8085-exec-3" daemon [_thread_blocked, id=17420, stack(0x000000a6f3900000,0x000000a6f3a00000)]
  0x00000294c6eb7800 JavaThread "http-nio-8085-exec-2" daemon [_thread_blocked, id=10540, stack(0x000000a6f3800000,0x000000a6f3900000)]
  0x00000294c6eb7000 JavaThread "http-nio-8085-exec-1" daemon [_thread_blocked, id=17740, stack(0x000000a6f3700000,0x000000a6f3800000)]
  0x00000294c6d5a800 JavaThread "container-0" [_thread_blocked, id=9548, stack(0x000000a6f3600000,0x000000a6f3700000)]
  0x00000294c6d33800 JavaThread "Catalina-utility-2" [_thread_blocked, id=5420, stack(0x000000a6f3500000,0x000000a6f3600000)]
  0x00000294c6d23800 JavaThread "Catalina-utility-1" [_thread_blocked, id=1708, stack(0x000000a6f3400000,0x000000a6f3500000)]
  0x00000294c3acb000 JavaThread "RMI Scheduler(0)" daemon [_thread_blocked, id=9604, stack(0x000000a6f3300000,0x000000a6f3400000)]
  0x00000294c6c3e000 JavaThread "RMI TCP Connection(1)-169.254.227.190" daemon [_thread_in_native, id=14844, stack(0x000000a6f3200000,0x000000a6f3300000)]
  0x00000294c5821800 JavaThread "RMI TCP Accept-0" daemon [_thread_in_native, id=16544, stack(0x000000a6f3000000,0x000000a6f3100000)]
  0x00000294c525c000 JavaThread "Service Thread" daemon [_thread_blocked, id=11648, stack(0x000000a6f2e00000,0x000000a6f2f00000)]
  0x00000294c5226000 JavaThread "C1 CompilerThread2" daemon [_thread_blocked, id=11548, stack(0x000000a6f2d00000,0x000000a6f2e00000)]
  0x00000294c5223800 JavaThread "C2 CompilerThread1" daemon [_thread_blocked, id=17952, stack(0x000000a6f2c00000,0x000000a6f2d00000)]
  0x00000294c5222800 JavaThread "C2 CompilerThread0" daemon [_thread_blocked, id=8212, stack(0x000000a6f2b00000,0x000000a6f2c00000)]
  0x00000294c5266000 JavaThread "Monitor Ctrl-Break" daemon [_thread_in_native, id=8000, stack(0x000000a6f2a00000,0x000000a6f2b00000)]
  0x00000294c3aab800 JavaThread "Attach Listener" daemon [_thread_blocked, id=3512, stack(0x000000a6f2900000,0x000000a6f2a00000)]
  0x00000294c3a58800 JavaThread "Signal Dispatcher" daemon [_thread_blocked, id=2508, stack(0x000000a6f2800000,0x000000a6f2900000)]
  0x00000294a8a05800 JavaThread "Finalizer" daemon [_thread_blocked, id=11320, stack(0x000000a6f2700000,0x000000a6f2800000)]
  0x00000294c3a35000 JavaThread "Reference Handler" daemon [_thread_blocked, id=12316, stack(0x000000a6f2600000,0x000000a6f2700000)]
=>0x00000294a8968000 JavaThread "main" [_thread_in_native, id=5268, stack(0x000000a6f1e00000,0x000000a6f1f00000)]

Other Threads:
  0x00000294c3a10000 VMThread [stack: 0x000000a6f2500000,0x000000a6f2600000] [id=5380]
  0x00000294c582f800 WatcherThread [stack: 0x000000a6f3100000,0x000000a6f3200000] [id=8420]

VM state:not at safepoint (normal execution)

VM Mutex/Monitor currently owned by a thread: None

heap address: 0x00000006c3800000, size: 4040 MB, Compressed Oops mode: Zero based, Oop shift amount: 3
Narrow klass base: 0x0000000000000000, Narrow klass shift: 3
Compressed class space size: 1073741824 Address: 0x00000007c0000000

Heap:
 PSYoungGen      total 75776K, used 39283K [0x000000076bd80000, 0x0000000772780000, 0x00000007c0000000)
  eden space 65024K, 47% used [0x000000076bd80000,0x000000076dbe1a40,0x000000076fd00000)
  from space 10752K, 76% used [0x000000076fd00000,0x00000007704fb3e0,0x0000000770780000)
  to   space 10752K, 0% used [0x0000000771d00000,0x0000000771d00000,0x0000000772780000)
 ParOldGen       total 116224K, used 9880K [0x00000006c3800000, 0x00000006ca980000, 0x000000076bd80000)
  object space 116224K, 8% used [0x00000006c3800000,0x00000006c41a60a8,0x00000006ca980000)
 Metaspace       used 29465K, capacity 31518K, committed 31744K, reserved 1077248K
  class space    used 3942K, capacity 4331K, committed 4352K, reserved 1048576K

Card table byte_map: [0x00000294b9ba0000,0x00000294ba390000] byte_map_base: 0x00000294b6584000

Marking Bits: (ParMarkBitMap*) 0x00000000543a4fb0
 Begin Bits: [0x00000294ba8e0000, 0x00000294be800000)
 End Bits:   [0x00000294be800000, 0x00000294c2720000)

Polling page: 0x00000294a8900000

CodeCache: size=245760Kb used=5560Kb max_used=5560Kb free=240199Kb
 bounds [0x00000294aa7e0000, 0x00000294aad50000, 0x00000294b97e0000]
 total_blobs=3161 nmethods=2733 adapters=340
 compilation: enabled

Compilation events (10 events):
Event: 2.100 Thread 0x00000294c5226000 2729       1       org.springframework.boot.autoconfigure.condition.ConditionEvaluationReport$ConditionAndOutcome::getOutcome (5 bytes)
Event: 2.100 Thread 0x00000294c5226000 nmethod 2729 0x00000294aad4c950 code [0x00000294aad4caa0, 0x00000294aad4cbb8]
Event: 2.100 Thread 0x00000294c5226000 2730       1       java.util.TreeMap::forEach (58 bytes)
Event: 2.100 Thread 0x00000294c5226000 nmethod 2730 0x00000294aad4cc10 code [0x00000294aad4cda0, 0x00000294aad4d0a0]
Event: 2.103 Thread 0x00000294c5226000 2731       1       org.springframework.core.ResolvableType::isAssignableFrom (7 bytes)
Event: 2.103 Thread 0x00000294c5226000 nmethod 2731 0x00000294aad4d310 code [0x00000294aad4d460, 0x00000294aad4d590]
Event: 2.104 Thread 0x00000294c5226000 2732       1       org.springframework.core.ResolvableType::isAssignableFrom (10 bytes)
Event: 2.104 Thread 0x00000294c5226000 nmethod 2732 0x00000294aad4d610 code [0x00000294aad4d780, 0x00000294aad4d940]
Event: 2.104 Thread 0x00000294c5226000 2733       1       sun.reflect.generics.repository.ClassRepository::getSuperInterfaces (77 bytes)
Event: 2.104 Thread 0x00000294c5226000 nmethod 2733 0x00000294aad4da10 code [0x00000294aad4dba0, 0x00000294aad4e000]

GC Heap History (8 events):
Event: 1.073 GC heap before
{Heap before GC invocations=1 (full 0):
 PSYoungGen      total 75776K, used 65024K [0x000000076bd80000, 0x0000000771200000, 0x00000007c0000000)
  eden space 65024K, 100% used [0x000000076bd80000,0x000000076fd00000,0x000000076fd00000)
  from space 10752K, 0% used [0x0000000770780000,0x0000000770780000,0x0000000771200000)
  to   space 10752K, 0% used [0x000000076fd00000,0x000000076fd00000,0x0000000770780000)
 ParOldGen       total 173568K, used 0K [0x00000006c3800000, 0x00000006ce180000, 0x000000076bd80000)
  object space 173568K, 0% used [0x00000006c3800000,0x00000006c3800000,0x00000006ce180000)
 Metaspace       used 15976K, capacity 16682K, committed 16896K, reserved 1064960K
  class space    used 2061K, capacity 2217K, committed 2304K, reserved 1048576K
Event: 1.081 GC heap after
Heap after GC invocations=1 (full 0):
 PSYoungGen      total 75776K, used 9599K [0x000000076bd80000, 0x0000000771200000, 0x00000007c0000000)
  eden space 65024K, 0% used [0x000000076bd80000,0x000000076bd80000,0x000000076fd00000)
  from space 10752K, 89% used [0x000000076fd00000,0x000000077065fdb0,0x0000000770780000)
  to   space 10752K, 0% used [0x0000000770780000,0x0000000770780000,0x0000000771200000)
 ParOldGen       total 173568K, used 16K [0x00000006c3800000, 0x00000006ce180000, 0x000000076bd80000)
  object space 173568K, 0% used [0x00000006c3800000,0x00000006c3804000,0x00000006ce180000)
 Metaspace       used 15976K, capacity 16682K, committed 16896K, reserved 1064960K
  class space    used 2061K, capacity 2217K, committed 2304K, reserved 1048576K
}
Event: 1.432 GC heap before
{Heap before GC invocations=2 (full 0):
 PSYoungGen      total 75776K, used 61372K [0x000000076bd80000, 0x0000000771200000, 0x00000007c0000000)
  eden space 65024K, 79% used [0x000000076bd80000,0x000000076f00f3f8,0x000000076fd00000)
  from space 10752K, 89% used [0x000000076fd00000,0x000000077065fdb0,0x0000000770780000)
  to   space 10752K, 0% used [0x0000000770780000,0x0000000770780000,0x0000000771200000)
 ParOldGen       total 173568K, used 16K [0x00000006c3800000, 0x00000006ce180000, 0x000000076bd80000)
  object space 173568K, 0% used [0x00000006c3800000,0x00000006c3804000,0x00000006ce180000)
 Metaspace       used 20181K, capacity 21210K, committed 21296K, reserved 1067008K
  class space    used 2648K, capacity 2895K, committed 2944K, reserved 1048576K
Event: 1.441 GC heap after
Heap after GC invocations=2 (full 0):
 PSYoungGen      total 75776K, used 10211K [0x000000076bd80000, 0x0000000775180000, 0x00000007c0000000)
  eden space 65024K, 0% used [0x000000076bd80000,0x000000076bd80000,0x000000076fd00000)
  from space 10752K, 94% used [0x0000000770780000,0x0000000771178e48,0x0000000771200000)
  to   space 10752K, 0% used [0x000000076fd00000,0x000000076fd00000,0x0000000770780000)
 ParOldGen       total 173568K, used 24K [0x00000006c3800000, 0x00000006ce180000, 0x000000076bd80000)
  object space 173568K, 0% used [0x00000006c3800000,0x00000006c3806000,0x00000006ce180000)
 Metaspace       used 20181K, capacity 21210K, committed 21296K, reserved 1067008K
  class space    used 2648K, capacity 2895K, committed 2944K, reserved 1048576K
}
Event: 1.441 GC heap before
{Heap before GC invocations=3 (full 1):
 PSYoungGen      total 75776K, used 10211K [0x000000076bd80000, 0x0000000775180000, 0x00000007c0000000)
  eden space 65024K, 0% used [0x000000076bd80000,0x000000076bd80000,0x000000076fd00000)
  from space 10752K, 94% used [0x0000000770780000,0x0000000771178e48,0x0000000771200000)
  to   space 10752K, 0% used [0x000000076fd00000,0x000000076fd00000,0x0000000770780000)
 ParOldGen       total 173568K, used 24K [0x00000006c3800000, 0x00000006ce180000, 0x000000076bd80000)
  object space 173568K, 0% used [0x00000006c3800000,0x00000006c3806000,0x00000006ce180000)
 Metaspace       used 20181K, capacity 21210K, committed 21296K, reserved 1067008K
  class space    used 2648K, capacity 2895K, committed 2944K, reserved 1048576K
Event: 1.476 GC heap after
Heap after GC invocations=3 (full 1):
 PSYoungGen      total 75776K, used 0K [0x000000076bd80000, 0x0000000775180000, 0x00000007c0000000)
  eden space 65024K, 0% used [0x000000076bd80000,0x000000076bd80000,0x000000076fd00000)
  from space 10752K, 0% used [0x0000000770780000,0x0000000770780000,0x0000000771200000)
  to   space 10752K, 0% used [0x000000076fd00000,0x000000076fd00000,0x0000000770780000)
 ParOldGen       total 116224K, used 9872K [0x00000006c3800000, 0x00000006ca980000, 0x000000076bd80000)
  object space 116224K, 8% used [0x00000006c3800000,0x00000006c41a40a8,0x00000006ca980000)
 Metaspace       used 20181K, capacity 21210K, committed 21296K, reserved 1067008K
  class space    used 2648K, capacity 2895K, committed 2944K, reserved 1048576K
}
Event: 1.901 GC heap before
{Heap before GC invocations=4 (full 1):
 PSYoungGen      total 75776K, used 65024K [0x000000076bd80000, 0x0000000775180000, 0x00000007c0000000)
  eden space 65024K, 100% used [0x000000076bd80000,0x000000076fd00000,0x000000076fd00000)
  from space 10752K, 0% used [0x0000000770780000,0x0000000770780000,0x0000000771200000)
  to   space 10752K, 0% used [0x000000076fd00000,0x000000076fd00000,0x0000000770780000)
 ParOldGen       total 116224K, used 9872K [0x00000006c3800000, 0x00000006ca980000, 0x000000076bd80000)
  object space 116224K, 8% used [0x00000006c3800000,0x00000006c41a40a8,0x00000006ca980000)
 Metaspace       used 26676K, capacity 28396K, committed 28544K, reserved 1073152K
  class space    used 3547K, capacity 3876K, committed 3968K, reserved 1048576K
Event: 1.905 GC heap after
Heap after GC invocations=4 (full 1):
 PSYoungGen      total 75776K, used 8172K [0x000000076bd80000, 0x0000000772780000, 0x00000007c0000000)
  eden space 65024K, 0% used [0x000000076bd80000,0x000000076bd80000,0x000000076fd00000)
  from space 10752K, 76% used [0x000000076fd00000,0x00000007704fb3e0,0x0000000770780000)
  to   space 10752K, 0% used [0x0000000771d00000,0x0000000771d00000,0x0000000772780000)
 ParOldGen       total 116224K, used 9880K [0x00000006c3800000, 0x00000006ca980000, 0x000000076bd80000)
  object space 116224K, 8% used [0x00000006c3800000,0x00000006c41a60a8,0x00000006ca980000)
 Metaspace       used 26676K, capacity 28396K, committed 28544K, reserved 1073152K
  class space    used 3547K, capacity 3876K, committed 3968K, reserved 1048576K
}

Deoptimization events (0 events):
No events

Classes redefined (0 events):
No events

Internal exceptions (10 events):
Event: 2.040 Thread 0x00000294a8968000 Exception <a 'java/lang/IncompatibleClassChangeError': Found class java.lang.Object, but interface was expected> (0x000000076d2f9018) thrown at [C:\jenkins\workspace\8-2-build-windows-amd64-cygwin\jdk8u261\295\hotspot\src\share\vm\interpreter\linkResolver
Event: 2.071 Thread 0x00000294a8968000 Exception <a 'java/lang/ArrayIndexOutOfBoundsException'> (0x000000076d717f78) thrown at [C:\jenkins\workspace\8-2-build-windows-amd64-cygwin\jdk8u261\295\hotspot\src\share\vm\runtime\sharedRuntime.cpp, line 605]
Event: 2.072 Thread 0x00000294a8968000 Exception <a 'java/lang/ArrayIndexOutOfBoundsException'> (0x000000076d731ec0) thrown at [C:\jenkins\workspace\8-2-build-windows-amd64-cygwin\jdk8u261\295\hotspot\src\share\vm\runtime\sharedRuntime.cpp, line 605]
Event: 2.097 Thread 0x00000294a8968000 Exception <a 'java/lang/ArrayIndexOutOfBoundsException'> (0x000000076dad1678) thrown at [C:\jenkins\workspace\8-2-build-windows-amd64-cygwin\jdk8u261\295\hotspot\src\share\vm\runtime\sharedRuntime.cpp, line 605]
Event: 2.097 Thread 0x00000294a8968000 Exception <a 'java/lang/ArrayIndexOutOfBoundsException'> (0x000000076dad91b8) thrown at [C:\jenkins\workspace\8-2-build-windows-amd64-cygwin\jdk8u261\295\hotspot\src\share\vm\runtime\sharedRuntime.cpp, line 605]
Event: 2.098 Thread 0x00000294a8968000 Exception <a 'java/lang/ArrayIndexOutOfBoundsException'> (0x000000076dadb650) thrown at [C:\jenkins\workspace\8-2-build-windows-amd64-cygwin\jdk8u261\295\hotspot\src\share\vm\runtime\sharedRuntime.cpp, line 605]
Event: 2.098 Thread 0x00000294a8968000 Exception <a 'java/lang/ArrayIndexOutOfBoundsException'> (0x000000076daddaf8) thrown at [C:\jenkins\workspace\8-2-build-windows-amd64-cygwin\jdk8u261\295\hotspot\src\share\vm\runtime\sharedRuntime.cpp, line 605]
Event: 2.098 Thread 0x00000294a8968000 Exception <a 'java/lang/ArrayIndexOutOfBoundsException'> (0x000000076dadf3c0) thrown at [C:\jenkins\workspace\8-2-build-windows-amd64-cygwin\jdk8u261\295\hotspot\src\share\vm\runtime\sharedRuntime.cpp, line 605]
Event: 2.104 Thread 0x00000294a8968000 Exception <a 'java/lang/ArrayIndexOutOfBoundsException'> (0x000000076db580f8) thrown at [C:\jenkins\workspace\8-2-build-windows-amd64-cygwin\jdk8u261\295\hotspot\src\share\vm\runtime\sharedRuntime.cpp, line 605]
Event: 2.104 Thread 0x00000294a8968000 Exception <a 'java/lang/ArrayIndexOutOfBoundsException'> (0x000000076db5a400) thrown at [C:\jenkins\workspace\8-2-build-windows-amd64-cygwin\jdk8u261\295\hotspot\src\share\vm\runtime\sharedRuntime.cpp, line 605]

Events (10 events):
Event: 2.105 loading class org/hyperic/jni/ArchLoader
Event: 2.105 loading class org/hyperic/jni/ArchLoader done
Event: 2.106 loading class org/hyperic/jni/ArchName
Event: 2.106 loading class org/hyperic/jni/ArchName done
Event: 2.106 loading class java/net/URLDecoder
Event: 2.106 loading class java/net/URLDecoder done
Event: 2.106 loading class java/net/URLEncoder
Event: 2.106 loading class java/net/URLEncoder done
Event: 2.110 loading class org/hyperic/sigar/NetRoute
Event: 2.110 loading class org/hyperic/sigar/NetRoute done


Dynamic libraries:
0x00007ff6f4ca0000 - 0x00007ff6f4ce7000 	D:\Development\jdk-8u261\bin\java.exe
0x00007ffd941e0000 - 0x00007ffd943d0000 	C:\windows\SYSTEM32\ntdll.dll
0x00007ffd932b0000 - 0x00007ffd93362000 	C:\windows\System32\KERNEL32.DLL
0x00007ffd91dc0000 - 0x00007ffd92065000 	C:\windows\System32\KERNELBASE.dll
0x00007ffd93140000 - 0x00007ffd931e3000 	C:\windows\System32\ADVAPI32.dll
0x00007ffd92640000 - 0x00007ffd926de000 	C:\windows\System32\msvcrt.dll
0x00007ffd935f0000 - 0x00007ffd93687000 	C:\windows\System32\sechost.dll
0x00007ffd92410000 - 0x00007ffd9252f000 	C:\windows\System32\RPCRT4.dll
0x00007ffd926e0000 - 0x00007ffd92874000 	C:\windows\System32\USER32.dll
0x00007ffd92260000 - 0x00007ffd92281000 	C:\windows\System32\win32u.dll
0x00007ffd92610000 - 0x00007ffd92636000 	C:\windows\System32\GDI32.dll
0x00007ffd920c0000 - 0x00007ffd92258000 	C:\windows\System32\gdi32full.dll
0x00007ffd91250000 - 0x00007ffd912ee000 	C:\windows\System32\msvcp_win.dll
0x00007ffd91b60000 - 0x00007ffd91c5a000 	C:\windows\System32\ucrtbase.dll
0x00007ffd83020000 - 0x00007ffd832a4000 	C:\windows\WinSxS\amd64_microsoft.windows.common-controls_6595b64144ccf1df_6.0.18362.1556_none_9e7e372fe45e41d5\COMCTL32.dll
0x00007ffd93e60000 - 0x00007ffd94196000 	C:\windows\System32\combase.dll
0x00007ffd91ad0000 - 0x00007ffd91b51000 	C:\windows\System32\bcryptPrimitives.dll
0x00007ffd92310000 - 0x00007ffd9233e000 	C:\windows\System32\IMM32.DLL
0x0000000055730000 - 0x000000005573c000 	C:\Program Files (x86)\360\360Safe\safemon\SafeWrapper.dll
0x00007ffd80660000 - 0x00007ffd8070b000 	C:\Program Files (x86)\360\360Safe\safemon\libzdtp64.dll
0x00007ffd92880000 - 0x00007ffd92f67000 	C:\windows\System32\SHELL32.dll
0x00007ffd91200000 - 0x00007ffd9124a000 	C:\windows\System32\cfgmgr32.dll
0x00007ffd93bf0000 - 0x00007ffd93c98000 	C:\windows\System32\shcore.dll
0x00007ffd912f0000 - 0x00007ffd91a6b000 	C:\windows\System32\windows.storage.dll
0x00007ffd910c0000 - 0x00007ffd910de000 	C:\windows\System32\profapi.dll
0x00007ffd91100000 - 0x00007ffd9114a000 	C:\windows\System32\powrprof.dll
0x00007ffd91090000 - 0x00007ffd910a0000 	C:\windows\System32\UMPDC.dll
0x00007ffd92340000 - 0x00007ffd92392000 	C:\windows\System32\shlwapi.dll
0x00007ffd910a0000 - 0x00007ffd910b1000 	C:\windows\System32\kernel.appcore.dll
0x00007ffd92070000 - 0x00007ffd92087000 	C:\windows\System32\cryptsp.dll
0x00007ffd90c70000 - 0x00007ffd90c7a000 	C:\windows\SYSTEM32\VERSION.dll
0x00007ffd6a330000 - 0x00007ffd6a345000 	D:\Development\jdk-8u261\jre\bin\vcruntime140.dll
0x00007ffd4ef00000 - 0x00007ffd4ef9b000 	D:\Development\jdk-8u261\jre\bin\msvcp140.dll
0x0000000053bb0000 - 0x000000005441c000 	D:\Development\jdk-8u261\jre\bin\server\jvm.dll
0x00007ffd93690000 - 0x00007ffd93698000 	C:\windows\System32\PSAPI.DLL
0x00007ffd8ef00000 - 0x00007ffd8ef24000 	C:\windows\SYSTEM32\WINMM.dll
0x00007ffd8d720000 - 0x00007ffd8d729000 	C:\windows\SYSTEM32\WSOCK32.dll
0x00007ffd92f70000 - 0x00007ffd92fdf000 	C:\windows\System32\WS2_32.dll
0x00007ffd8ea80000 - 0x00007ffd8eaad000 	C:\windows\SYSTEM32\WINMMBASE.dll
0x00007ffd7ec70000 - 0x00007ffd7ec80000 	D:\Development\jdk-8u261\jre\bin\verify.dll
0x00007ffd692a0000 - 0x00007ffd692cb000 	D:\Development\jdk-8u261\jre\bin\java.dll
0x00007ffd82500000 - 0x00007ffd82532000 	D:\Development\jdk-8u261\jre\bin\instrument.dll
0x00007ffd65bf0000 - 0x00007ffd65c08000 	D:\Development\jdk-8u261\jre\bin\zip.dll
0x00007ffd8c5a0000 - 0x00007ffd8c5ba000 	D:\Development\IDEA2020.2\IntelliJ IDEA 2020.2.2\bin\breakgen64.dll
0x00007ffd65ad0000 - 0x00007ffd65aec000 	D:\Development\jdk-8u261\jre\bin\net.dll
0x00007ffd838a0000 - 0x00007ffd83b81000 	C:\Windows\Netease\Booster\lsp64.dll
0x00007ffd91c60000 - 0x00007ffd91db1000 	C:\windows\System32\CRYPT32.dll
0x00007ffd910e0000 - 0x00007ffd910f2000 	C:\windows\System32\MSASN1.dll
0x00007ffd836a0000 - 0x00007ffd83894000 	C:\windows\SYSTEM32\dbghelp.dll
0x00007ffd90570000 - 0x00007ffd905aa000 	C:\windows\SYSTEM32\IPHLPAPI.DLL
0x00007ffd90860000 - 0x00007ffd908c7000 	C:\windows\system32\mswsock.dll
0x00007ffd91a70000 - 0x00007ffd91acc000 	C:\windows\System32\WINTRUST.DLL
0x00007ffd925f0000 - 0x00007ffd9260d000 	C:\windows\System32\imagehlp.dll
0x00007ffd903e0000 - 0x00007ffd90413000 	C:\windows\system32\rsaenh.dll
0x00007ffd92090000 - 0x00007ffd920b6000 	C:\windows\System32\bcrypt.dll
0x00007ffd90a30000 - 0x00007ffd90a3c000 	C:\windows\SYSTEM32\CRYPTBASE.dll
0x00007ffd87f00000 - 0x00007ffd87f0a000 	C:\windows\system32\wshqos.dll
0x00007ffd87ef0000 - 0x00007ffd87ef8000 	C:\windows\SYSTEM32\wshtcpip.DLL
0x00007ffd83f20000 - 0x00007ffd83f28000 	C:\windows\SYSTEM32\wship6.dll
0x00007ffd905b0000 - 0x00007ffd9067b000 	C:\windows\SYSTEM32\DNSAPI.dll
0x00007ffd93be0000 - 0x00007ffd93be8000 	C:\windows\System32\NSI.dll
0x00007ffd83370000 - 0x00007ffd83386000 	C:\windows\system32\wlidnsp.dll
0x00007ffd83390000 - 0x00007ffd8339a000 	C:\Windows\System32\rasadhlp.dll
0x00007ffd87db0000 - 0x00007ffd87e27000 	C:\windows\System32\fwpuclnt.dll
0x00007ffd82a30000 - 0x00007ffd82a3d000 	D:\Development\jdk-8u261\jre\bin\management.dll
0x00007ffd65a90000 - 0x00007ffd65aa3000 	D:\Development\jdk-8u261\jre\bin\nio.dll
0x00007ffd90fb0000 - 0x00007ffd90fd5000 	C:\windows\SYSTEM32\USERENV.dll
0x00007ffd89fd0000 - 0x00007ffd89fe6000 	C:\windows\SYSTEM32\dhcpcsvc6.DLL
0x00007ffd89fb0000 - 0x00007ffd89fcc000 	C:\windows\SYSTEM32\dhcpcsvc.DLL
0x00007ffd712b0000 - 0x00007ffd712c6000 	C:\windows\system32\napinsp.dll
0x00007ffd71290000 - 0x00007ffd712aa000 	C:\windows\system32\pnrpnsp.dll
0x00007ffd75bf0000 - 0x00007ffd75bfe000 	C:\windows\System32\winrnr.dll
0x00007ffd8d6f0000 - 0x00007ffd8d70c000 	C:\windows\system32\NLAapi.dll
0x00007ffd71270000 - 0x00007ffd71285000 	C:\windows\system32\wshbth.dll
0x00007ffd65380000 - 0x00007ffd653a4000 	D:\Development\jdk-8u261\jre\bin\sunec.dll
0x00007ffd82a10000 - 0x00007ffd82a1d000 	D:\Development\jdk-8u261\jre\bin\sunmscapi.dll
0x00007ffd90b40000 - 0x00007ffd90b66000 	C:\windows\SYSTEM32\ncrypt.dll
0x00007ffd90b00000 - 0x00007ffd90b3b000 	C:\windows\SYSTEM32\NTASN1.dll
0x0000000010000000 - 0x0000000010070000 	D:\java\bin\sigar-amd64-winnt.dll
0x00007ffd92fe0000 - 0x00007ffd93137000 	C:\windows\System32\ole32.dll
0x00007ffd93370000 - 0x00007ffd93435000 	C:\windows\System32\OLEAUT32.dll
0x00007ffd61a20000 - 0x00007ffd61a68000 	C:\windows\SYSTEM32\pdh.dll
0x00007ffd88090000 - 0x00007ffd880a7000 	C:\windows\SYSTEM32\NETAPI32.dll
0x00007ffd90680000 - 0x00007ffd9068c000 	C:\windows\SYSTEM32\NETUTILS.DLL
0x00007ffd82b20000 - 0x00007ffd82b46000 	C:\windows\SYSTEM32\SRVCLI.DLL

VM Arguments:
jvm_args: -XX:TieredStopAtLevel=1 -Xverify:none -Dspring.output.ansi.enabled=always -Dcom.sun.management.jmxremote -Dspring.jmx.enabled=true -Dspring.liveBeansView.mbeanDomain -Dspring.application.admin.enabled=true -javaagent:D:\Development\IDEA2020.2\IntelliJ IDEA 2020.2.2\lib\idea_rt.jar=26328:D:\Development\IDEA2020.2\IntelliJ IDEA 2020.2.2\bin -Dfile.encoding=UTF-8 
java_command: com.example.deviceinfo.DeviceInfoApplication
java_class_path (initial): D:\Development\jdk-8u261\jre\lib\charsets.jar;D:\Development\jdk-8u261\jre\lib\deploy.jar;D:\Development\jdk-8u261\jre\lib\ext\access-bridge-64.jar;D:\Development\jdk-8u261\jre\lib\ext\cldrdata.jar;D:\Development\jdk-8u261\jre\lib\ext\dnsns.jar;D:\Development\jdk-8u261\jre\lib\ext\jaccess.jar;D:\Development\jdk-8u261\jre\lib\ext\jfxrt.jar;D:\Development\jdk-8u261\jre\lib\ext\localedata.jar;D:\Development\jdk-8u261\jre\lib\ext\nashorn.jar;D:\Development\jdk-8u261\jre\lib\ext\sunec.jar;D:\Development\jdk-8u261\jre\lib\ext\sunjce_provider.jar;D:\Development\jdk-8u261\jre\lib\ext\sunmscapi.jar;D:\Development\jdk-8u261\jre\lib\ext\sunpkcs11.jar;D:\Development\jdk-8u261\jre\lib\ext\zipfs.jar;D:\Development\jdk-8u261\jre\lib\javaws.jar;D:\Development\jdk-8u261\jre\lib\jce.jar;D:\Development\jdk-8u261\jre\lib\jfr.jar;D:\Development\jdk-8u261\jre\lib\jfxswt.jar;D:\Development\jdk-8u261\jre\lib\jsse.jar;D:\Development\jdk-8u261\jre\lib\management-agent.jar;D:\Development\jdk-8u261\jre\lib\plugin.jar;D:\Development\jdk-8u261\jre\lib\resources.jar;D:\Development\jdk-8u261\jre\lib\rt.jar;F:\zhangjun\code\deviceInfo\target\classes;C:\Users\USER\.m2\repository\org\springframework\boot\spring-boot-starter\2.6.6\spring-boot-starter-2.6.6.jar;C:\Users\USER\.m2\repository\org\springframework\boot\spring-boot\2.6.6\spring-boot-2.6.6.jar;C:\Users\USER\.m2\repository\org\springframework\spring-context\5.3.18\spring-context-5.3.18.jar;C:\Users\USER\.m2\repository\org\springframework\boot\spring-boot-autoconfigure\2.6.6\spring-boot-autoconfigure-2.6.6.jar;C:\Users\USER\.m2\repository\org\springframework\boot\spring-boot-starter-logging\2.6.6\spring-boot-starter-logging-2.6.6.jar;C:\Users\USER\.m2\repository\ch\qos\logback\logback-classic\1.2.11\logback-classic-1.2.11.jar;C:\Users\USER\.m2\repository\ch\qos\logback\logback-core\1.2.11\logback-core-1.2.11.jar;C:\Users\USER\.m2\repository\org\apache\logging\log4j\log4j-to-slf4j\2.17.2\log4j-to-slf4j-2.17.2.jar;C:\
Launcher Type: SUN_STANDARD

Environment Variables:
JAVA_HOME=D:\java
CLASSPATH=D:\java\bin;D:\java\lib\dt.jar;D:\java\lib\tools.jar
PATH=D:\python\Scripts\;D:\python\;D:\java\jre\bin;D:\java\bin;C:\Users\USER\.m2\wrapper\dists\apache-maven-3.6.3-bin\1iopthnavndlasol9gbrbg6bf2\apache-maven-3.6.3\bin;C:\windows\system32;C:\windows;C:\windows\System32\Wbem;C:\windows\System32\WindowsPowerShell\v1.0\;C:\windows\System32\OpenSSH\;D:\Development\Nodejs\;D:\Èí¼þ\Git\cmd;D:\Development\Xftp\;C:\Program Files\dotnet\;D:\Èí¼þÏÂÔØ\;C:\Users\USER\AppData\Local\Programs\Python\Python39\Scripts\;C:\Users\USER\AppData\Local\Programs\Python\Python39\;C:\Users\USER\AppData\Local\Microsoft\WindowsApps;D:\Development\Vscode\Microsoft VS Code\bin;D:\ScanSoftware\Nmap;C:\Users\USER\AppData\Roaming\npm;D:\Anaconda\Scripts;
USERNAME=USER
OS=Windows_NT
PROCESSOR_IDENTIFIER=Intel64 Family 6 Model 158 Stepping 10, GenuineIntel



---------------  S Y S T E M  ---------------

OS: Windows 10.0 , 64 bit Build 18362 (10.0.18362.1500)

CPU:total 6 (initial active 6) (6 cores per cpu, 1 threads per core) family 6 model 158 stepping 10, cmov, cx8, fxsr, mmx, sse, sse2, sse3, ssse3, sse4.1, sse4.2, popcnt, avx, avx2, aes, clmul, erms, rtm, 3dnowpref, lzcnt, tsc, tscinvbit, bmi1, bmi2, adx

Memory: 4k page, physical 16546088k(8633280k free), swap 29129000k(18502540k free)

vm_info: Java HotSpot(TM) 64-Bit Server VM (25.261-b12) for windows-amd64 JRE (1.8.0_261-b12), built on Jun 18 2020 06:56:32 by "" with unknown MS VC++:1916

time: Tue Oct  3 14:24:32 2023
timezone: ?D1¨²¡À¨º¡Á?¨º¡À??
elapsed time: 2 seconds (0d 0h 0m 2s)

