#
# A fatal error has been detected by the Java Runtime Environment:
#
#  EXCEPTION_ACCESS_VIOLATION (0xc0000005) at pc=0x0000000010014ed4, pid=5348, tid=0x0000000000001640
#
# JRE version: Java(TM) SE Runtime Environment (8.0_261-b12) (build 1.8.0_261-b12)
# Java VM: Java HotSpot(TM) 64-Bit Server VM (25.261-b12 mixed mode windows-amd64 compressed oops)
# Problematic frame:
# C  [sigar-amd64-winnt.dll+0x14ed4]
#
# Failed to write core dump. Minidumps are not enabled by default on client versions of Windows
#
# If you would like to submit a bug report, please visit:
#   http://bugreport.java.com/bugreport/crash.jsp
# The crash happened outside the Java Virtual Machine in native code.
# See problematic frame for where to report the bug.
#

---------------  T H R E A D  ---------------

Current thread (0x000001ea97a39000):  JavaThread "main" [_thread_in_native, id=5696, stack(0x000000c93dc00000,0x000000c93dd00000)]

siginfo: ExceptionCode=0xc0000005, reading address 0xffffffffb75c0d88

Registers:
RAX=0xffffffffb75c0c50, RBX=0x000001eab71c4028, RCX=0x000001ea97a391f8, RDX=0x000000c93dcfedf8
RSP=0x000000c93dcfec50, RBP=0x000000c93dcfedd8, RSI=0x0000000040200021, RDI=0x000001ea9973837d
R8 =0x0000000000000032, R9 =0x000000076dc49090, R10=0x0000000000000030, R11=0x0000000054396a1c
R12=0x0000000000000000, R13=0x000001eab71c4020, R14=0x000000c93dcfedf8, R15=0x000001ea97a39000
RIP=0x0000000010014ed4, EFLAGS=0x0000000000010286

Top of Stack: (sp=0x000000c93dcfec50)
0x000000c93dcfec50:   000001ea97a391f8 000000c93dcfedf8
0x000000c93dcfec60:   000001ea97a39000 000001eab71c4020
0x000000c93dcfec70:   ffffffffb75c0c50 000000c93dcfedf8
0x000000c93dcfec80:   000000c93dcfedd8 0000000010024618
0x000000c93dcfec90:   000001ea97a391f8 000000c93dcfedf8
0x000000c93dcfeca0:   0000000040200021 000001ea9973837d
0x000000c93dcfecb0:   000001eab71c4028 0000000000000000
0x000000c93dcfecc0:   000001ea979ff830 000000c93dcfedf8
0x000000c93dcfecd0:   000000c93dcfedd8 0000000053c828eb
0x000000c93dcfece0:   000000c93dcfed10 0000000000000000
0x000000c93dcfecf0:   000001eab71c4028 000001ea97a229d0
0x000000c93dcfed00:   000001eab71c4028 000001ea97a39000
0x000000c93dcfed10:   000001eab71c4028 000001ea97a39000
0x000000c93dcfed20:   000001ea9973837d 0000000040200021
0x000000c93dcfed30:   000001eab71c4028 000001ea99749da6
0x000000c93dcfed40:   000001eab71c4000 000001eab71c4028 

Instructions: (pc=0x0000000010014ed4)
0x0000000010014eb4:   7c 24 20 00 75 15 48 8d 15 df 58 04 00 48 8b 4c
0x0000000010014ec4:   24 40 e8 45 00 00 00 33 c0 eb 32 48 8b 44 24 20
0x0000000010014ed4:   83 b8 38 01 00 00 00 74 1f 48 8b 44 24 20 44 8b
0x0000000010014ee4:   80 38 01 00 00 48 8b 54 24 20 48 8b 4c 24 40 e8 


Register to memory mapping:

RAX=0xffffffffb75c0c50 is an unknown value
RBX={method} {0x000001eab71c4030} 'getNetRouteList' '()[Lorg/hyperic/sigar/NetRoute;' in 'org/hyperic/sigar/Sigar'
RCX=0x000001ea97a391f8 is an unknown value
RDX=0x000000c93dcfedf8 is pointing into the stack for thread: 0x000001ea97a39000
RSP=0x000000c93dcfec50 is pointing into the stack for thread: 0x000001ea97a39000
RBP=0x000000c93dcfedd8 is pointing into the stack for thread: 0x000001ea97a39000
RSI=0x0000000040200021 is an unknown value
RDI=0x000001ea9973837d is at code_begin+2301 in an Interpreter codelet
invoke return entry points  [0x000001ea99737a80, 0x000001ea99738460]  2528 bytes
R8 =0x0000000000000032 is an unknown value
R9 =0x000000076dc49090 is an oop
org.hyperic.sigar.Sigar 
 - klass: 'org/hyperic/sigar/Sigar'
R10=0x0000000000000030 is an unknown value
R11=0x0000000054396a1c is an unknown value
R12=0x0000000000000000 is an unknown value
R13=0x000001eab71c4020 is pointing into metadata
R14=0x000000c93dcfedf8 is pointing into the stack for thread: 0x000001ea97a39000
R15=0x000001ea97a39000 is a thread


Stack: [0x000000c93dc00000,0x000000c93dd00000],  sp=0x000000c93dcfec50,  free space=1019k
Native frames: (J=compiled Java code, j=interpreted, Vv=VM code, C=native code)
C  [sigar-amd64-winnt.dll+0x14ed4]
C  [sigar-amd64-winnt.dll+0x24618]
C  0x000001ea99749f4e

Java frames: (J=compiled Java code, j=interpreted, Vv=VM code)
j  org.hyperic.sigar.Sigar.getNetRouteList()[Lorg/hyperic/sigar/NetRoute;+0
j  com.example.deviceinfo.infoGetter.DevInfoGetter.getNetInfo()Ljava/util/List;+19
j  com.example.deviceinfo.infoGetter.DevInfoGetter.getDevInfo()Lcom/example/deviceinfo/infoGetter/DeviceInfo;+9
j  com.example.deviceinfo.DeviceInfoApplication.run([Ljava/lang/String;)V+4
j  org.springframework.boot.SpringApplication.callRunner(Lorg/springframework/boot/CommandLineRunner;Lorg/springframework/boot/ApplicationArguments;)V+7
j  org.springframework.boot.SpringApplication.callRunners(Lorg/springframework/context/ApplicationContext;Lorg/springframework/boot/ApplicationArguments;)V+119
j  org.springframework.boot.SpringApplication.run([Ljava/lang/String;)Lorg/springframework/context/ConfigurableApplicationContext;+169
j  com.example.deviceinfo.DeviceInfoApplication.main([Ljava/lang/String;)V+37
v  ~StubRoutines::call_stub

---------------  P R O C E S S  ---------------

Java Threads: ( => current thread )
  0x000001eab4286800 JavaThread "http-nio-8085-Acceptor" daemon [_thread_in_native, id=14680, stack(0x000000c940000000,0x000000c940100000)]
  0x000001eab4285800 JavaThread "http-nio-8085-Poller" daemon [_thread_in_native, id=13764, stack(0x000000c93ff00000,0x000000c940000000)]
  0x000001eab4285000 JavaThread "http-nio-8085-exec-10" daemon [_thread_blocked, id=15028, stack(0x000000c93fe00000,0x000000c93ff00000)]
  0x000001eab4284000 JavaThread "http-nio-8085-exec-9" daemon [_thread_blocked, id=11532, stack(0x000000c93fd00000,0x000000c93fe00000)]
  0x000001eab4283000 JavaThread "http-nio-8085-exec-8" daemon [_thread_blocked, id=12316, stack(0x000000c93fc00000,0x000000c93fd00000)]
  0x000001eab4288800 JavaThread "http-nio-8085-exec-7" daemon [_thread_blocked, id=11320, stack(0x000000c93fb00000,0x000000c93fc00000)]
  0x000001eab4288000 JavaThread "http-nio-8085-exec-6" daemon [_thread_blocked, id=8484, stack(0x000000c93fa00000,0x000000c93fb00000)]
  0x000001eab428a000 JavaThread "http-nio-8085-exec-5" daemon [_thread_blocked, id=5380, stack(0x000000c93f900000,0x000000c93fa00000)]
  0x000001eab4289800 JavaThread "http-nio-8085-exec-4" daemon [_thread_blocked, id=6404, stack(0x000000c93f800000,0x000000c93f900000)]
  0x000001eab5e1c000 JavaThread "http-nio-8085-exec-3" daemon [_thread_blocked, id=1476, stack(0x000000c93f700000,0x000000c93f800000)]
  0x000001eab5e10800 JavaThread "http-nio-8085-exec-2" daemon [_thread_blocked, id=8480, stack(0x000000c93f600000,0x000000c93f700000)]
  0x000001eab5e03800 JavaThread "http-nio-8085-exec-1" daemon [_thread_blocked, id=15000, stack(0x000000c93f500000,0x000000c93f600000)]
  0x000001eab5ccc800 JavaThread "container-0" [_thread_blocked, id=3908, stack(0x000000c93f400000,0x000000c93f500000)]
  0x000001eab5cc7800 JavaThread "Catalina-utility-2" [_thread_blocked, id=16160, stack(0x000000c93f300000,0x000000c93f400000)]
  0x000001eab5caf000 JavaThread "Catalina-utility-1" [_thread_blocked, id=1080, stack(0x000000c93f200000,0x000000c93f300000)]
  0x000001eab5b4b000 JavaThread "RMI Scheduler(0)" daemon [_thread_blocked, id=16872, stack(0x000000c93f100000,0x000000c93f200000)]
  0x000001eab5c76800 JavaThread "RMI TCP Connection(1)-169.254.227.190" daemon [_thread_in_native, id=2408, stack(0x000000c93f000000,0x000000c93f100000)]
  0x000001eab47c0800 JavaThread "RMI TCP Accept-0" daemon [_thread_in_native, id=8692, stack(0x000000c93ee00000,0x000000c93ef00000)]
  0x000001eab4322000 JavaThread "Service Thread" daemon [_thread_blocked, id=14172, stack(0x000000c93ec00000,0x000000c93ed00000)]
  0x000001eab4287000 JavaThread "C1 CompilerThread2" daemon [_thread_blocked, id=14720, stack(0x000000c93eb00000,0x000000c93ec00000)]
  0x000001eab4268800 JavaThread "C2 CompilerThread1" daemon [_thread_blocked, id=10532, stack(0x000000c93ea00000,0x000000c93eb00000)]
  0x000001eab4267800 JavaThread "C2 CompilerThread0" daemon [_thread_blocked, id=6732, stack(0x000000c93e900000,0x000000c93ea00000)]
  0x000001eab4266000 JavaThread "Monitor Ctrl-Break" daemon [_thread_in_native, id=13144, stack(0x000000c93e800000,0x000000c93e900000)]
  0x000001eab2af6000 JavaThread "Attach Listener" daemon [_thread_blocked, id=1920, stack(0x000000c93e700000,0x000000c93e800000)]
  0x000001eab2af5000 JavaThread "Signal Dispatcher" daemon [_thread_blocked, id=1508, stack(0x000000c93e600000,0x000000c93e700000)]
  0x000001eab2a74000 JavaThread "Finalizer" daemon [_thread_blocked, id=7932, stack(0x000000c93e500000,0x000000c93e600000)]
  0x000001ea97ad3800 JavaThread "Reference Handler" daemon [_thread_blocked, id=12336, stack(0x000000c93e400000,0x000000c93e500000)]
=>0x000001ea97a39000 JavaThread "main" [_thread_in_native, id=5696, stack(0x000000c93dc00000,0x000000c93dd00000)]

Other Threads:
  0x000001eab2a4f800 VMThread [stack: 0x000000c93e300000,0x000000c93e400000] [id=8332]
  0x000001eab47c6800 WatcherThread [stack: 0x000000c93ef00000,0x000000c93f000000] [id=8292]

VM state:not at safepoint (normal execution)

VM Mutex/Monitor currently owned by a thread: None

heap address: 0x00000006c3800000, size: 4040 MB, Compressed Oops mode: Zero based, Oop shift amount: 3
Narrow klass base: 0x0000000000000000, Narrow klass shift: 3
Compressed class space size: 1073741824 Address: 0x00000007c0000000

Heap:
 PSYoungGen      total 75776K, used 39712K [0x000000076bd80000, 0x0000000772f80000, 0x00000007c0000000)
  eden space 65024K, 48% used [0x000000076bd80000,0x000000076dc70278,0x000000076fd00000)
  from space 10752K, 74% used [0x000000076fd00000,0x00000007704d7de0,0x0000000770780000)
  to   space 10752K, 0% used [0x0000000772500000,0x0000000772500000,0x0000000772f80000)
 ParOldGen       total 107008K, used 10011K [0x00000006c3800000, 0x00000006ca080000, 0x000000076bd80000)
  object space 107008K, 9% used [0x00000006c3800000,0x00000006c41c6d10,0x00000006ca080000)
 Metaspace       used 29480K, capacity 31574K, committed 31744K, reserved 1077248K
  class space    used 3945K, capacity 4331K, committed 4352K, reserved 1048576K

Card table byte_map: [0x000001eaa8af0000,0x000001eaa92e0000] byte_map_base: 0x000001eaa54d4000

Marking Bits: (ParMarkBitMap*) 0x00000000543a4fb0
 Begin Bits: [0x000001eaa9830000, 0x000001eaad750000)
 End Bits:   [0x000001eaad750000, 0x000001eab1670000)

Polling page: 0x000001ea979d0000

CodeCache: size=245760Kb used=5624Kb max_used=5624Kb free=240135Kb
 bounds [0x000001ea99730000, 0x000001ea99cb0000, 0x000001eaa8730000]
 total_blobs=3189 nmethods=2761 adapters=340
 compilation: enabled

Compilation events (10 events):
Event: 2.139 Thread 0x000001eab4287000 2757       1       org.springframework.boot.autoconfigure.condition.ConditionEvaluationReport::lambda$addNoMatchOutcomeToAncestors$1 (54 bytes)
Event: 2.140 Thread 0x000001eab4287000 nmethod 2757 0x000001ea99cac610 code [0x000001ea99cac800, 0x000001ea99cace40]
Event: 2.140 Thread 0x000001eab4287000 2758       1       org.springframework.boot.autoconfigure.condition.ConditionEvaluationReport$ConditionAndOutcome::getOutcome (5 bytes)
Event: 2.140 Thread 0x000001eab4287000 nmethod 2758 0x000001ea99cad310 code [0x000001ea99cad460, 0x000001ea99cad578]
Event: 2.141 Thread 0x000001eab4287000 2759       1       java.util.TreeMap::forEach (58 bytes)
Event: 2.141 Thread 0x000001eab4287000 nmethod 2759 0x000001ea99cad5d0 code [0x000001ea99cad760, 0x000001ea99cada60]
Event: 2.144 Thread 0x000001eab4287000 2760       1       org.springframework.core.ResolvableType::isAssignableFrom (7 bytes)
Event: 2.144 Thread 0x000001eab4287000 nmethod 2760 0x000001ea99cadcd0 code [0x000001ea99cade20, 0x000001ea99cadf50]
Event: 2.144 Thread 0x000001eab4287000 2761       1       org.springframework.core.ResolvableType::isAssignableFrom (10 bytes)
Event: 2.145 Thread 0x000001eab4287000 nmethod 2761 0x000001ea99cadfd0 code [0x000001ea99cae140, 0x000001ea99cae300]

GC Heap History (8 events):
Event: 1.050 GC heap before
{Heap before GC invocations=1 (full 0):
 PSYoungGen      total 75776K, used 65024K [0x000000076bd80000, 0x0000000771200000, 0x00000007c0000000)
  eden space 65024K, 100% used [0x000000076bd80000,0x000000076fd00000,0x000000076fd00000)
  from space 10752K, 0% used [0x0000000770780000,0x0000000770780000,0x0000000771200000)
  to   space 10752K, 0% used [0x000000076fd00000,0x000000076fd00000,0x0000000770780000)
 ParOldGen       total 173568K, used 0K [0x00000006c3800000, 0x00000006ce180000, 0x000000076bd80000)
  object space 173568K, 0% used [0x00000006c3800000,0x00000006c3800000,0x00000006ce180000)
 Metaspace       used 15877K, capacity 16558K, committed 16896K, reserved 1064960K
  class space    used 2051K, capacity 2217K, committed 2304K, reserved 1048576K
Event: 1.056 GC heap after
Heap after GC invocations=1 (full 0):
 PSYoungGen      total 75776K, used 9552K [0x000000076bd80000, 0x0000000771200000, 0x00000007c0000000)
  eden space 65024K, 0% used [0x000000076bd80000,0x000000076bd80000,0x000000076fd00000)
  from space 10752K, 88% used [0x000000076fd00000,0x00000007706540f0,0x0000000770780000)
  to   space 10752K, 0% used [0x0000000770780000,0x0000000770780000,0x0000000771200000)
 ParOldGen       total 173568K, used 16K [0x00000006c3800000, 0x00000006ce180000, 0x000000076bd80000)
  object space 173568K, 0% used [0x00000006c3800000,0x00000006c3804000,0x00000006ce180000)
 Metaspace       used 15877K, capacity 16558K, committed 16896K, reserved 1064960K
  class space    used 2051K, capacity 2217K, committed 2304K, reserved 1048576K
}
Event: 1.422 GC heap before
{Heap before GC invocations=2 (full 0):
 PSYoungGen      total 75776K, used 63466K [0x000000076bd80000, 0x0000000771200000, 0x00000007c0000000)
  eden space 65024K, 82% used [0x000000076bd80000,0x000000076f226820,0x000000076fd00000)
  from space 10752K, 88% used [0x000000076fd00000,0x00000007706540f0,0x0000000770780000)
  to   space 10752K, 0% used [0x0000000770780000,0x0000000770780000,0x0000000771200000)
 ParOldGen       total 173568K, used 16K [0x00000006c3800000, 0x00000006ce180000, 0x000000076bd80000)
  object space 173568K, 0% used [0x00000006c3800000,0x00000006c3804000,0x00000006ce180000)
 Metaspace       used 20197K, capacity 21210K, committed 21296K, reserved 1067008K
  class space    used 2650K, capacity 2895K, committed 2944K, reserved 1048576K
Event: 1.434 GC heap after
Heap after GC invocations=2 (full 0):
 PSYoungGen      total 75776K, used 10355K [0x000000076bd80000, 0x0000000775180000, 0x00000007c0000000)
  eden space 65024K, 0% used [0x000000076bd80000,0x000000076bd80000,0x000000076fd00000)
  from space 10752K, 96% used [0x0000000770780000,0x000000077119cea8,0x0000000771200000)
  to   space 10752K, 0% used [0x000000076fd00000,0x000000076fd00000,0x0000000770780000)
 ParOldGen       total 173568K, used 24K [0x00000006c3800000, 0x00000006ce180000, 0x000000076bd80000)
  object space 173568K, 0% used [0x00000006c3800000,0x00000006c3806000,0x00000006ce180000)
 Metaspace       used 20197K, capacity 21210K, committed 21296K, reserved 1067008K
  class space    used 2650K, capacity 2895K, committed 2944K, reserved 1048576K
}
Event: 1.434 GC heap before
{Heap before GC invocations=3 (full 1):
 PSYoungGen      total 75776K, used 10355K [0x000000076bd80000, 0x0000000775180000, 0x00000007c0000000)
  eden space 65024K, 0% used [0x000000076bd80000,0x000000076bd80000,0x000000076fd00000)
  from space 10752K, 96% used [0x0000000770780000,0x000000077119cea8,0x0000000771200000)
  to   space 10752K, 0% used [0x000000076fd00000,0x000000076fd00000,0x0000000770780000)
 ParOldGen       total 173568K, used 24K [0x00000006c3800000, 0x00000006ce180000, 0x000000076bd80000)
  object space 173568K, 0% used [0x00000006c3800000,0x00000006c3806000,0x00000006ce180000)
 Metaspace       used 20197K, capacity 21210K, committed 21296K, reserved 1067008K
  class space    used 2650K, capacity 2895K, committed 2944K, reserved 1048576K
Event: 1.459 GC heap after
Heap after GC invocations=3 (full 1):
 PSYoungGen      total 75776K, used 0K [0x000000076bd80000, 0x0000000775180000, 0x00000007c0000000)
  eden space 65024K, 0% used [0x000000076bd80000,0x000000076bd80000,0x000000076fd00000)
  from space 10752K, 0% used [0x0000000770780000,0x0000000770780000,0x0000000771200000)
  to   space 10752K, 0% used [0x000000076fd00000,0x000000076fd00000,0x0000000770780000)
 ParOldGen       total 107008K, used 10003K [0x00000006c3800000, 0x00000006ca080000, 0x000000076bd80000)
  object space 107008K, 9% used [0x00000006c3800000,0x00000006c41c4d10,0x00000006ca080000)
 Metaspace       used 20197K, capacity 21210K, committed 21296K, reserved 1067008K
  class space    used 2650K, capacity 2895K, committed 2944K, reserved 1048576K
}
Event: 1.920 GC heap before
{Heap before GC invocations=4 (full 1):
 PSYoungGen      total 75776K, used 65024K [0x000000076bd80000, 0x0000000775180000, 0x00000007c0000000)
  eden space 65024K, 100% used [0x000000076bd80000,0x000000076fd00000,0x000000076fd00000)
  from space 10752K, 0% used [0x0000000770780000,0x0000000770780000,0x0000000771200000)
  to   space 10752K, 0% used [0x000000076fd00000,0x000000076fd00000,0x0000000770780000)
 ParOldGen       total 107008K, used 10003K [0x00000006c3800000, 0x00000006ca080000, 0x000000076bd80000)
  object space 107008K, 9% used [0x00000006c3800000,0x00000006c41c4d10,0x00000006ca080000)
 Metaspace       used 26670K, capacity 28396K, committed 28544K, reserved 1073152K
  class space    used 3545K, capacity 3876K, committed 3968K, reserved 1048576K
Event: 1.924 GC heap after
Heap after GC invocations=4 (full 1):
 PSYoungGen      total 75776K, used 8031K [0x000000076bd80000, 0x0000000772f80000, 0x00000007c0000000)
  eden space 65024K, 0% used [0x000000076bd80000,0x000000076bd80000,0x000000076fd00000)
  from space 10752K, 74% used [0x000000076fd00000,0x00000007704d7de0,0x0000000770780000)
  to   space 10752K, 0% used [0x0000000772500000,0x0000000772500000,0x0000000772f80000)
 ParOldGen       total 107008K, used 10011K [0x00000006c3800000, 0x00000006ca080000, 0x000000076bd80000)
  object space 107008K, 9% used [0x00000006c3800000,0x00000006c41c6d10,0x00000006ca080000)
 Metaspace       used 26670K, capacity 28396K, committed 28544K, reserved 1073152K
  class space    used 3545K, capacity 3876K, committed 3968K, reserved 1048576K
}

Deoptimization events (0 events):
No events

Classes redefined (0 events):
No events

Internal exceptions (10 events):
Event: 2.075 Thread 0x000001ea97a39000 Exception <a 'java/lang/IncompatibleClassChangeError': Found class java.lang.Object, but interface was expected> (0x000000076d396fd0) thrown at [C:\jenkins\workspace\8-2-build-windows-amd64-cygwin\jdk8u261\295\hotspot\src\share\vm\interpreter\linkResolver
Event: 2.110 Thread 0x000001ea97a39000 Exception <a 'java/lang/ArrayIndexOutOfBoundsException'> (0x000000076d7c5848) thrown at [C:\jenkins\workspace\8-2-build-windows-amd64-cygwin\jdk8u261\295\hotspot\src\share\vm\runtime\sharedRuntime.cpp, line 605]
Event: 2.110 Thread 0x000001ea97a39000 Exception <a 'java/lang/ArrayIndexOutOfBoundsException'> (0x000000076d7dfd18) thrown at [C:\jenkins\workspace\8-2-build-windows-amd64-cygwin\jdk8u261\295\hotspot\src\share\vm\runtime\sharedRuntime.cpp, line 605]
Event: 2.137 Thread 0x000001ea97a39000 Exception <a 'java/lang/ArrayIndexOutOfBoundsException'> (0x000000076db6b2b8) thrown at [C:\jenkins\workspace\8-2-build-windows-amd64-cygwin\jdk8u261\295\hotspot\src\share\vm\runtime\sharedRuntime.cpp, line 605]
Event: 2.138 Thread 0x000001ea97a39000 Exception <a 'java/lang/ArrayIndexOutOfBoundsException'> (0x000000076db730b0) thrown at [C:\jenkins\workspace\8-2-build-windows-amd64-cygwin\jdk8u261\295\hotspot\src\share\vm\runtime\sharedRuntime.cpp, line 605]
Event: 2.138 Thread 0x000001ea97a39000 Exception <a 'java/lang/ArrayIndexOutOfBoundsException'> (0x000000076db755c8) thrown at [C:\jenkins\workspace\8-2-build-windows-amd64-cygwin\jdk8u261\295\hotspot\src\share\vm\runtime\sharedRuntime.cpp, line 605]
Event: 2.138 Thread 0x000001ea97a39000 Exception <a 'java/lang/ArrayIndexOutOfBoundsException'> (0x000000076db77a28) thrown at [C:\jenkins\workspace\8-2-build-windows-amd64-cygwin\jdk8u261\295\hotspot\src\share\vm\runtime\sharedRuntime.cpp, line 605]
Event: 2.138 Thread 0x000001ea97a39000 Exception <a 'java/lang/ArrayIndexOutOfBoundsException'> (0x000000076db792f0) thrown at [C:\jenkins\workspace\8-2-build-windows-amd64-cygwin\jdk8u261\295\hotspot\src\share\vm\runtime\sharedRuntime.cpp, line 605]
Event: 2.144 Thread 0x000001ea97a39000 Exception <a 'java/lang/ArrayIndexOutOfBoundsException'> (0x000000076dbf32a0) thrown at [C:\jenkins\workspace\8-2-build-windows-amd64-cygwin\jdk8u261\295\hotspot\src\share\vm\runtime\sharedRuntime.cpp, line 605]
Event: 2.144 Thread 0x000001ea97a39000 Exception <a 'java/lang/ArrayIndexOutOfBoundsException'> (0x000000076dbf55a8) thrown at [C:\jenkins\workspace\8-2-build-windows-amd64-cygwin\jdk8u261\295\hotspot\src\share\vm\runtime\sharedRuntime.cpp, line 605]

Events (10 events):
Event: 2.146 loading class org/hyperic/jni/ArchLoader
Event: 2.146 loading class org/hyperic/jni/ArchLoader done
Event: 2.147 loading class org/hyperic/jni/ArchName
Event: 2.147 loading class org/hyperic/jni/ArchName done
Event: 2.147 loading class java/net/URLDecoder
Event: 2.147 loading class java/net/URLDecoder done
Event: 2.147 loading class java/net/URLEncoder
Event: 2.147 loading class java/net/URLEncoder done
Event: 2.168 loading class org/hyperic/sigar/NetRoute
Event: 2.168 loading class org/hyperic/sigar/NetRoute done


Dynamic libraries:
0x00007ff6f4ca0000 - 0x00007ff6f4ce7000 	D:\Development\jdk-8u261\bin\java.exe
0x00007ffd941e0000 - 0x00007ffd943d0000 	C:\windows\SYSTEM32\ntdll.dll
0x00007ffd932b0000 - 0x00007ffd93362000 	C:\windows\System32\KERNEL32.DLL
0x00007ffd91dc0000 - 0x00007ffd92065000 	C:\windows\System32\KERNELBASE.dll
0x00007ffd93140000 - 0x00007ffd931e3000 	C:\windows\System32\ADVAPI32.dll
0x00007ffd92640000 - 0x00007ffd926de000 	C:\windows\System32\msvcrt.dll
0x00007ffd935f0000 - 0x00007ffd93687000 	C:\windows\System32\sechost.dll
0x00007ffd92410000 - 0x00007ffd9252f000 	C:\windows\System32\RPCRT4.dll
0x00007ffd926e0000 - 0x00007ffd92874000 	C:\windows\System32\USER32.dll
0x00007ffd92260000 - 0x00007ffd92281000 	C:\windows\System32\win32u.dll
0x00007ffd92610000 - 0x00007ffd92636000 	C:\windows\System32\GDI32.dll
0x00007ffd920c0000 - 0x00007ffd92258000 	C:\windows\System32\gdi32full.dll
0x00007ffd91250000 - 0x00007ffd912ee000 	C:\windows\System32\msvcp_win.dll
0x00007ffd91b60000 - 0x00007ffd91c5a000 	C:\windows\System32\ucrtbase.dll
0x00007ffd83020000 - 0x00007ffd832a4000 	C:\windows\WinSxS\amd64_microsoft.windows.common-controls_6595b64144ccf1df_6.0.18362.1556_none_9e7e372fe45e41d5\COMCTL32.dll
0x00007ffd93e60000 - 0x00007ffd94196000 	C:\windows\System32\combase.dll
0x00007ffd91ad0000 - 0x00007ffd91b51000 	C:\windows\System32\bcryptPrimitives.dll
0x00007ffd92310000 - 0x00007ffd9233e000 	C:\windows\System32\IMM32.DLL
0x0000000055730000 - 0x000000005573c000 	C:\Program Files (x86)\360\360Safe\safemon\SafeWrapper.dll
0x00007ffd80660000 - 0x00007ffd8070b000 	C:\Program Files (x86)\360\360Safe\safemon\libzdtp64.dll
0x00007ffd92880000 - 0x00007ffd92f67000 	C:\windows\System32\SHELL32.dll
0x00007ffd91200000 - 0x00007ffd9124a000 	C:\windows\System32\cfgmgr32.dll
0x00007ffd93bf0000 - 0x00007ffd93c98000 	C:\windows\System32\shcore.dll
0x00007ffd912f0000 - 0x00007ffd91a6b000 	C:\windows\System32\windows.storage.dll
0x00007ffd910c0000 - 0x00007ffd910de000 	C:\windows\System32\profapi.dll
0x00007ffd91100000 - 0x00007ffd9114a000 	C:\windows\System32\powrprof.dll
0x00007ffd91090000 - 0x00007ffd910a0000 	C:\windows\System32\UMPDC.dll
0x00007ffd92340000 - 0x00007ffd92392000 	C:\windows\System32\shlwapi.dll
0x00007ffd910a0000 - 0x00007ffd910b1000 	C:\windows\System32\kernel.appcore.dll
0x00007ffd92070000 - 0x00007ffd92087000 	C:\windows\System32\cryptsp.dll
0x00007ffd90c70000 - 0x00007ffd90c7a000 	C:\windows\SYSTEM32\VERSION.dll
0x00007ffd69290000 - 0x00007ffd692a5000 	D:\Development\jdk-8u261\jre\bin\vcruntime140.dll
0x00007ffd65300000 - 0x00007ffd6539b000 	D:\Development\jdk-8u261\jre\bin\msvcp140.dll
0x0000000053bb0000 - 0x000000005441c000 	D:\Development\jdk-8u261\jre\bin\server\jvm.dll
0x00007ffd93690000 - 0x00007ffd93698000 	C:\windows\System32\PSAPI.DLL
0x00007ffd7e620000 - 0x00007ffd7e629000 	C:\windows\SYSTEM32\WSOCK32.dll
0x00007ffd8ef00000 - 0x00007ffd8ef24000 	C:\windows\SYSTEM32\WINMM.dll
0x00007ffd92f70000 - 0x00007ffd92fdf000 	C:\windows\System32\WS2_32.dll
0x00007ffd8ea80000 - 0x00007ffd8eaad000 	C:\windows\SYSTEM32\WINMMBASE.dll
0x00007ffd65c00000 - 0x00007ffd65c10000 	D:\Development\jdk-8u261\jre\bin\verify.dll
0x00007ffd65a80000 - 0x00007ffd65aab000 	D:\Development\jdk-8u261\jre\bin\java.dll
0x00007ffd55d10000 - 0x00007ffd55d42000 	D:\Development\jdk-8u261\jre\bin\instrument.dll
0x00007ffd652e0000 - 0x00007ffd652f8000 	D:\Development\jdk-8u261\jre\bin\zip.dll
0x00007ffd82640000 - 0x00007ffd8265a000 	D:\Development\IDEA2020.2\IntelliJ IDEA 2020.2.2\bin\breakgen64.dll
0x00007ffd692b0000 - 0x00007ffd692cc000 	D:\Development\jdk-8u261\jre\bin\net.dll
0x00007ffd838a0000 - 0x00007ffd83b81000 	C:\Windows\Netease\Booster\lsp64.dll
0x00007ffd91c60000 - 0x00007ffd91db1000 	C:\windows\System32\CRYPT32.dll
0x00007ffd910e0000 - 0x00007ffd910f2000 	C:\windows\System32\MSASN1.dll
0x00007ffd836a0000 - 0x00007ffd83894000 	C:\windows\SYSTEM32\dbghelp.dll
0x00007ffd90570000 - 0x00007ffd905aa000 	C:\windows\SYSTEM32\IPHLPAPI.DLL
0x00007ffd90860000 - 0x00007ffd908c7000 	C:\windows\system32\mswsock.dll
0x00007ffd91a70000 - 0x00007ffd91acc000 	C:\windows\System32\WINTRUST.DLL
0x00007ffd925f0000 - 0x00007ffd9260d000 	C:\windows\System32\imagehlp.dll
0x00007ffd903e0000 - 0x00007ffd90413000 	C:\windows\system32\rsaenh.dll
0x00007ffd92090000 - 0x00007ffd920b6000 	C:\windows\System32\bcrypt.dll
0x00007ffd90a30000 - 0x00007ffd90a3c000 	C:\windows\SYSTEM32\CRYPTBASE.dll
0x00007ffd87f00000 - 0x00007ffd87f0a000 	C:\windows\system32\wshqos.dll
0x00007ffd87ef0000 - 0x00007ffd87ef8000 	C:\windows\SYSTEM32\wshtcpip.DLL
0x00007ffd83f20000 - 0x00007ffd83f28000 	C:\windows\SYSTEM32\wship6.dll
0x00007ffd905b0000 - 0x00007ffd9067b000 	C:\windows\SYSTEM32\DNSAPI.dll
0x00007ffd93be0000 - 0x00007ffd93be8000 	C:\windows\System32\NSI.dll
0x00007ffd83370000 - 0x00007ffd83386000 	C:\windows\system32\wlidnsp.dll
0x00007ffd83390000 - 0x00007ffd8339a000 	C:\Windows\System32\rasadhlp.dll
0x00007ffd87db0000 - 0x00007ffd87e27000 	C:\windows\System32\fwpuclnt.dll
0x00007ffd8a7f0000 - 0x00007ffd8a7fd000 	D:\Development\jdk-8u261\jre\bin\management.dll
0x00007ffd65ad0000 - 0x00007ffd65ae3000 	D:\Development\jdk-8u261\jre\bin\nio.dll
0x00007ffd90fb0000 - 0x00007ffd90fd5000 	C:\windows\SYSTEM32\USERENV.dll
0x00007ffd89fd0000 - 0x00007ffd89fe6000 	C:\windows\SYSTEM32\dhcpcsvc6.DLL
0x00007ffd89fb0000 - 0x00007ffd89fcc000 	C:\windows\SYSTEM32\dhcpcsvc.DLL
0x00007ffd712b0000 - 0x00007ffd712c6000 	C:\windows\system32\napinsp.dll
0x00007ffd71290000 - 0x00007ffd712aa000 	C:\windows\system32\pnrpnsp.dll
0x00007ffd75bf0000 - 0x00007ffd75bfe000 	C:\windows\System32\winrnr.dll
0x00007ffd8d6f0000 - 0x00007ffd8d70c000 	C:\windows\system32\NLAapi.dll
0x00007ffd71270000 - 0x00007ffd71285000 	C:\windows\system32\wshbth.dll
0x00007ffd65170000 - 0x00007ffd65194000 	D:\Development\jdk-8u261\jre\bin\sunec.dll
0x00007ffd65bf0000 - 0x00007ffd65bfd000 	D:\Development\jdk-8u261\jre\bin\sunmscapi.dll
0x00007ffd90b40000 - 0x00007ffd90b66000 	C:\windows\SYSTEM32\ncrypt.dll
0x00007ffd90b00000 - 0x00007ffd90b3b000 	C:\windows\SYSTEM32\NTASN1.dll
0x0000000010000000 - 0x0000000010070000 	D:\java\bin\sigar-amd64-winnt.dll
0x00007ffd92fe0000 - 0x00007ffd93137000 	C:\windows\System32\ole32.dll
0x00007ffd93370000 - 0x00007ffd93435000 	C:\windows\System32\OLEAUT32.dll
0x00007ffd88090000 - 0x00007ffd880a7000 	C:\windows\SYSTEM32\NETAPI32.dll
0x00007ffd61a20000 - 0x00007ffd61a68000 	C:\windows\SYSTEM32\pdh.dll
0x00007ffd90680000 - 0x00007ffd9068c000 	C:\windows\SYSTEM32\NETUTILS.DLL
0x00007ffd82b20000 - 0x00007ffd82b46000 	C:\windows\SYSTEM32\SRVCLI.DLL

VM Arguments:
jvm_args: -XX:TieredStopAtLevel=1 -Xverify:none -Dspring.output.ansi.enabled=always -Dcom.sun.management.jmxremote -Dspring.jmx.enabled=true -Dspring.liveBeansView.mbeanDomain -Dspring.application.admin.enabled=true -javaagent:D:\Development\IDEA2020.2\IntelliJ IDEA 2020.2.2\lib\idea_rt.jar=25508:D:\Development\IDEA2020.2\IntelliJ IDEA 2020.2.2\bin -Dfile.encoding=UTF-8 
java_command: com.example.deviceinfo.DeviceInfoApplication
java_class_path (initial): D:\Development\jdk-8u261\jre\lib\charsets.jar;D:\Development\jdk-8u261\jre\lib\deploy.jar;D:\Development\jdk-8u261\jre\lib\ext\access-bridge-64.jar;D:\Development\jdk-8u261\jre\lib\ext\cldrdata.jar;D:\Development\jdk-8u261\jre\lib\ext\dnsns.jar;D:\Development\jdk-8u261\jre\lib\ext\jaccess.jar;D:\Development\jdk-8u261\jre\lib\ext\jfxrt.jar;D:\Development\jdk-8u261\jre\lib\ext\localedata.jar;D:\Development\jdk-8u261\jre\lib\ext\nashorn.jar;D:\Development\jdk-8u261\jre\lib\ext\sunec.jar;D:\Development\jdk-8u261\jre\lib\ext\sunjce_provider.jar;D:\Development\jdk-8u261\jre\lib\ext\sunmscapi.jar;D:\Development\jdk-8u261\jre\lib\ext\sunpkcs11.jar;D:\Development\jdk-8u261\jre\lib\ext\zipfs.jar;D:\Development\jdk-8u261\jre\lib\javaws.jar;D:\Development\jdk-8u261\jre\lib\jce.jar;D:\Development\jdk-8u261\jre\lib\jfr.jar;D:\Development\jdk-8u261\jre\lib\jfxswt.jar;D:\Development\jdk-8u261\jre\lib\jsse.jar;D:\Development\jdk-8u261\jre\lib\management-agent.jar;D:\Development\jdk-8u261\jre\lib\plugin.jar;D:\Development\jdk-8u261\jre\lib\resources.jar;D:\Development\jdk-8u261\jre\lib\rt.jar;F:\张俊\探针代码\deviceInfo\target\classes;C:\Users\USER\.m2\repository\org\springframework\boot\spring-boot-starter\2.6.6\spring-boot-starter-2.6.6.jar;C:\Users\USER\.m2\repository\org\springframework\boot\spring-boot\2.6.6\spring-boot-2.6.6.jar;C:\Users\USER\.m2\repository\org\springframework\spring-context\5.3.18\spring-context-5.3.18.jar;C:\Users\USER\.m2\repository\org\springframework\boot\spring-boot-autoconfigure\2.6.6\spring-boot-autoconfigure-2.6.6.jar;C:\Users\USER\.m2\repository\org\springframework\boot\spring-boot-starter-logging\2.6.6\spring-boot-starter-logging-2.6.6.jar;C:\Users\USER\.m2\repository\ch\qos\logback\logback-classic\1.2.11\logback-classic-1.2.11.jar;C:\Users\USER\.m2\repository\ch\qos\logback\logback-core\1.2.11\logback-core-1.2.11.jar;C:\Users\USER\.m2\repository\org\apache\logging\log4j\log4j-to-slf4j\2.17.2\log4j-to-slf4j-2.17.2.jar;C:\
Launcher Type: SUN_STANDARD

Environment Variables:
JAVA_HOME=D:\java
CLASSPATH=D:\java\bin;D:\java\lib\dt.jar;D:\java\lib\tools.jar
PATH=D:\python\Scripts\;D:\python\;D:\java\jre\bin;D:\java\bin;C:\Users\USER\.m2\wrapper\dists\apache-maven-3.6.3-bin\1iopthnavndlasol9gbrbg6bf2\apache-maven-3.6.3\bin;C:\windows\system32;C:\windows;C:\windows\System32\Wbem;C:\windows\System32\WindowsPowerShell\v1.0\;C:\windows\System32\OpenSSH\;D:\Development\Nodejs\;D:\软件\Git\cmd;D:\Development\Xftp\;C:\Program Files\dotnet\;D:\软件下载\;C:\Users\USER\AppData\Local\Programs\Python\Python39\Scripts\;C:\Users\USER\AppData\Local\Programs\Python\Python39\;C:\Users\USER\AppData\Local\Microsoft\WindowsApps;D:\Development\Vscode\Microsoft VS Code\bin;D:\ScanSoftware\Nmap;C:\Users\USER\AppData\Roaming\npm;D:\Anaconda\Scripts;
USERNAME=USER
OS=Windows_NT
PROCESSOR_IDENTIFIER=Intel64 Family 6 Model 158 Stepping 10, GenuineIntel



---------------  S Y S T E M  ---------------

OS: Windows 10.0 , 64 bit Build 18362 (10.0.18362.1500)

CPU:total 6 (initial active 6) (6 cores per cpu, 1 threads per core) family 6 model 158 stepping 10, cmov, cx8, fxsr, mmx, sse, sse2, sse3, ssse3, sse4.1, sse4.2, popcnt, avx, avx2, aes, clmul, erms, rtm, 3dnowpref, lzcnt, tsc, tscinvbit, bmi1, bmi2, adx

Memory: 4k page, physical 16546088k(8679592k free), swap 29129000k(18992900k free)

vm_info: Java HotSpot(TM) 64-Bit Server VM (25.261-b12) for windows-amd64 JRE (1.8.0_261-b12), built on Jun 18 2020 06:56:32 by "" with unknown MS VC++:1916

time: Tue Oct  3 14:20:12 2023
timezone: ?D1ú±ê×?ê±??
elapsed time: 2 seconds (0d 0h 0m 2s)

