#
# A fatal error has been detected by the Java Runtime Environment:
#
#  EXCEPTION_ACCESS_VIOLATION (0xc0000005) at pc=0x0000000010014ed4, pid=2496, tid=0x0000000000002170
#
# JRE version: Java(TM) SE Runtime Environment (8.0_261-b12) (build 1.8.0_261-b12)
# Java VM: Java HotSpot(TM) 64-Bit Server VM (25.261-b12 mixed mode windows-amd64 compressed oops)
# Problematic frame:
# C  [sigar-amd64-winnt.dll+0x14ed4]
#
# Failed to write core dump. Minidumps are not enabled by default on client versions of Windows
#
# If you would like to submit a bug report, please visit:
#   http://bugreport.java.com/bugreport/crash.jsp
# The crash happened outside the Java Virtual Machine in native code.
# See problematic frame for where to report the bug.
#

---------------  T H R E A D  ---------------

Current thread (0x0000023ebb18a800):  JavaThread "main" [_thread_in_native, id=8560, stack(0x0000006fedb00000,0x0000006fedc00000)]

siginfo: ExceptionCode=0xc0000005, reading address 0xffffffffdad90d88

Registers:
RAX=0xffffffffdad90c50, RBX=0x0000023edaba8978, RCX=0x0000000000000000, RDX=0x0000006fedbff508
RSP=0x0000006fedbff360, RBP=0x0000006fedbff4e8, RSI=0x0000000040200021, RDI=0x0000023ebd06843d
R8 =0x0000000000000032, R9 =0x00000007c0430a38, R10=0x0000023ebb182c30, R11=0x0000006fedbff2f0
R12=0x0000000000000000, R13=0x0000023edaba8970, R14=0x0000006fedbff508, R15=0x0000023ebb18a800
RIP=0x0000000010014ed4, EFLAGS=0x0000000000010286

Top of Stack: (sp=0x0000006fedbff360)
0x0000006fedbff360:   0000023ebb18a9f8 0000006fedbff508
0x0000006fedbff370:   0000023ebb18a800 0000023edaba8970
0x0000006fedbff380:   ffffffffdad90c50 0000006fedbff508
0x0000006fedbff390:   0000006fedbff4e8 0000000010024618
0x0000006fedbff3a0:   0000023ebb18a9f8 0000006fedbff508
0x0000006fedbff3b0:   0000000040200021 0000023ebd06843d
0x0000006fedbff3c0:   0000023edaba8978 0000000000000000
0x0000006fedbff3d0:   0000023ed6282210 0000006fedbff508
0x0000006fedbff3e0:   0000006fedbff4e8 0000000053c828eb
0x0000006fedbff3f0:   0000006fedbff420 0000000000000000
0x0000006fedbff400:   0000023edaba8978 0000023ebb183340
0x0000006fedbff410:   0000023edaba8978 0000023ebb18a800
0x0000006fedbff420:   0000023edaba8978 0000023ebb18a800
0x0000006fedbff430:   0000023ebd06843d 0000000040200021
0x0000006fedbff440:   0000023edaba8978 0000023ebd084921
0x0000006fedbff450:   0000023edaba8900 0000023edaba8978 

Instructions: (pc=0x0000000010014ed4)
0x0000000010014eb4:   7c 24 20 00 75 15 48 8d 15 df 58 04 00 48 8b 4c
0x0000000010014ec4:   24 40 e8 45 00 00 00 33 c0 eb 32 48 8b 44 24 20
0x0000000010014ed4:   83 b8 38 01 00 00 00 74 1f 48 8b 44 24 20 44 8b
0x0000000010014ee4:   80 38 01 00 00 48 8b 54 24 20 48 8b 4c 24 40 e8 


Register to memory mapping:

RAX=0xffffffffdad90c50 is an unknown value
RBX={method} {0x0000023edaba8980} 'getNetRouteList' '()[Lorg/hyperic/sigar/NetRoute;' in 'org/hyperic/sigar/Sigar'
RCX=0x0000000000000000 is an unknown value
RDX=0x0000006fedbff508 is pointing into the stack for thread: 0x0000023ebb18a800
RSP=0x0000006fedbff360 is pointing into the stack for thread: 0x0000023ebb18a800
RBP=0x0000006fedbff4e8 is pointing into the stack for thread: 0x0000023ebb18a800
RSI=0x0000000040200021 is an unknown value
RDI=0x0000023ebd06843d is at code_begin+2301 in an Interpreter codelet
invoke return entry points  [0x0000023ebd067b40, 0x0000023ebd068520]  2528 bytes
R8 =0x0000000000000032 is an unknown value
R9 =0x00000007c0430a38 is pointing into metadata
R10=0x0000023ebb182c30 is an unknown value
R11=0x0000006fedbff2f0 is pointing into the stack for thread: 0x0000023ebb18a800
R12=0x0000000000000000 is an unknown value
R13=0x0000023edaba8970 is pointing into metadata
R14=0x0000006fedbff508 is pointing into the stack for thread: 0x0000023ebb18a800
R15=0x0000023ebb18a800 is a thread


Stack: [0x0000006fedb00000,0x0000006fedc00000],  sp=0x0000006fedbff360,  free space=1020k
Native frames: (J=compiled Java code, j=interpreted, Vv=VM code, C=native code)
C  [sigar-amd64-winnt.dll+0x14ed4]
C  [sigar-amd64-winnt.dll+0x24618]
C  0x0000023ebd084c47

Java frames: (J=compiled Java code, j=interpreted, Vv=VM code)
j  org.hyperic.sigar.Sigar.getNetRouteList()[Lorg/hyperic/sigar/NetRoute;+0
j  com.example.deviceinfo.infoGetter.DevInfoGetter.getNetInfo()Ljava/util/List;+19
j  com.example.deviceinfo.infoGetter.DevInfoGetter.getDevInfo()Lcom/example/deviceinfo/infoGetter/DeviceInfo;+9
j  com.example.deviceinfo.DeviceInfoApplication.run([Ljava/lang/String;)V+4
j  org.springframework.boot.SpringApplication.callRunner(Lorg/springframework/boot/CommandLineRunner;Lorg/springframework/boot/ApplicationArguments;)V+7
j  org.springframework.boot.SpringApplication.callRunners(Lorg/springframework/context/ApplicationContext;Lorg/springframework/boot/ApplicationArguments;)V+119
j  org.springframework.boot.SpringApplication.run([Ljava/lang/String;)Lorg/springframework/context/ConfigurableApplicationContext;+169
j  com.example.deviceinfo.DeviceInfoApplication.main([Ljava/lang/String;)V+37
v  ~StubRoutines::call_stub

---------------  P R O C E S S  ---------------

Java Threads: ( => current thread )
  0x0000023ed96cf800 JavaThread "http-nio-8085-Acceptor" daemon [_thread_in_native, id=13064, stack(0x0000006ff0100000,0x0000006ff0200000)]
  0x0000023ed96cc000 JavaThread "http-nio-8085-Poller" daemon [_thread_in_native, id=11936, stack(0x0000006ff0000000,0x0000006ff0100000)]
  0x0000023ed96cd800 JavaThread "http-nio-8085-exec-10" daemon [_thread_blocked, id=1480, stack(0x0000006feff00000,0x0000006ff0000000)]
  0x0000023ed96ca800 JavaThread "http-nio-8085-exec-9" daemon [_thread_blocked, id=11516, stack(0x0000006fefe00000,0x0000006feff00000)]
  0x0000023ed96cb000 JavaThread "http-nio-8085-exec-8" daemon [_thread_blocked, id=3824, stack(0x0000006fefd00000,0x0000006fefe00000)]
  0x0000023ed96cf000 JavaThread "http-nio-8085-exec-7" daemon [_thread_blocked, id=13764, stack(0x0000006fefc00000,0x0000006fefd00000)]
  0x0000023ed96c9000 JavaThread "http-nio-8085-exec-6" daemon [_thread_blocked, id=14944, stack(0x0000006fefb00000,0x0000006fefc00000)]
  0x0000023ed96c7800 JavaThread "http-nio-8085-exec-5" daemon [_thread_blocked, id=796, stack(0x0000006fefa00000,0x0000006fefb00000)]
  0x0000023ed9668800 JavaThread "http-nio-8085-exec-4" daemon [_thread_blocked, id=12836, stack(0x0000006fef900000,0x0000006fefa00000)]
  0x0000023ed9667800 JavaThread "http-nio-8085-exec-3" daemon [_thread_blocked, id=2644, stack(0x0000006fef800000,0x0000006fef900000)]
  0x0000023ed9667000 JavaThread "http-nio-8085-exec-2" daemon [_thread_blocked, id=2720, stack(0x0000006fef700000,0x0000006fef800000)]
  0x0000023ed9666000 JavaThread "http-nio-8085-exec-1" daemon [_thread_blocked, id=7216, stack(0x0000006fef600000,0x0000006fef700000)]
  0x0000023ed94a6000 JavaThread "container-0" [_thread_blocked, id=1596, stack(0x0000006fef500000,0x0000006fef600000)]
  0x0000023ed9496800 JavaThread "Catalina-utility-2" [_thread_blocked, id=13540, stack(0x0000006fef400000,0x0000006fef500000)]
  0x0000023ed9491000 JavaThread "Catalina-utility-1" [_thread_blocked, id=10704, stack(0x0000006fef300000,0x0000006fef400000)]
  0x0000023ed8523000 JavaThread "RMI Scheduler(0)" daemon [_thread_blocked, id=9188, stack(0x0000006fef200000,0x0000006fef300000)]
  0x0000023ed8506000 JavaThread "RMI TCP Connection(1)-169.254.227.190" daemon [_thread_in_native, id=10360, stack(0x0000006fef100000,0x0000006fef200000)]
  0x0000023ed80d1800 JavaThread "RMI TCP Accept-0" daemon [_thread_in_native, id=4080, stack(0x0000006feef00000,0x0000006fef000000)]
  0x0000023ed7e29000 JavaThread "Service Thread" daemon [_thread_blocked, id=3140, stack(0x0000006feee00000,0x0000006feef00000)]
  0x0000023ed7d46000 JavaThread "C1 CompilerThread2" daemon [_thread_blocked, id=17528, stack(0x0000006feed00000,0x0000006feee00000)]
  0x0000023ed7d43000 JavaThread "C2 CompilerThread1" daemon [_thread_blocked, id=18076, stack(0x0000006feec00000,0x0000006feed00000)]
  0x0000023ed7d42000 JavaThread "C2 CompilerThread0" daemon [_thread_blocked, id=5984, stack(0x0000006feeb00000,0x0000006feec00000)]
  0x0000023ed6350000 JavaThread "JDWP Command Reader" daemon [_thread_in_native, id=12620, stack(0x0000006feea00000,0x0000006feeb00000)]
  0x0000023ed6369800 JavaThread "JDWP Event Helper Thread" daemon [_thread_blocked, id=12176, stack(0x0000006fee900000,0x0000006feea00000)]
  0x0000023ed635a800 JavaThread "JDWP Transport Listener: dt_socket" daemon [_thread_blocked, id=9908, stack(0x0000006fee800000,0x0000006fee900000)]
  0x0000023ed62b1000 JavaThread "Attach Listener" daemon [_thread_blocked, id=16752, stack(0x0000006fee600000,0x0000006fee700000)]
  0x0000023ed631f000 JavaThread "Signal Dispatcher" daemon [_thread_blocked, id=3628, stack(0x0000006fee500000,0x0000006fee600000)]
  0x0000023ebb226000 JavaThread "Finalizer" daemon [_thread_blocked, id=1960, stack(0x0000006fee400000,0x0000006fee500000)]
  0x0000023ed62a5000 JavaThread "Reference Handler" daemon [_thread_blocked, id=1972, stack(0x0000006fee300000,0x0000006fee400000)]
=>0x0000023ebb18a800 JavaThread "main" [_thread_in_native, id=8560, stack(0x0000006fedb00000,0x0000006fedc00000)]

Other Threads:
  0x0000023ed627f000 VMThread [stack: 0x0000006fee200000,0x0000006fee300000] [id=18012]
  0x0000023ed80e0000 WatcherThread [stack: 0x0000006fef000000,0x0000006fef100000] [id=3644]

VM state:not at safepoint (normal execution)

VM Mutex/Monitor currently owned by a thread: None

heap address: 0x00000006c3800000, size: 4040 MB, Compressed Oops mode: Zero based, Oop shift amount: 3
Narrow klass base: 0x0000000000000000, Narrow klass shift: 3
Compressed class space size: 1073741824 Address: 0x00000007c0000000

Heap:
 PSYoungGen      total 75776K, used 60543K [0x000000076bd80000, 0x0000000773680000, 0x00000007c0000000)
  eden space 65024K, 80% used [0x000000076bd80000,0x000000076f0d72f8,0x000000076fd00000)
  from space 10752K, 74% used [0x000000076fd00000,0x00000007704c8ba0,0x0000000770780000)
  to   space 10752K, 0% used [0x0000000772c00000,0x0000000772c00000,0x0000000773680000)
 ParOldGen       total 100352K, used 10637K [0x00000006c3800000, 0x00000006c9a00000, 0x000000076bd80000)
  object space 100352K, 10% used [0x00000006c3800000,0x00000006c4263718,0x00000006c9a00000)
 Metaspace       used 29995K, capacity 32138K, committed 32304K, reserved 1077248K
  class space    used 3959K, capacity 4363K, committed 4400K, reserved 1048576K

Card table byte_map: [0x0000023ecc420000,0x0000023eccc10000] byte_map_base: 0x0000023ec8e04000

Marking Bits: (ParMarkBitMap*) 0x00000000543a4fb0
 Begin Bits: [0x0000023ecd160000, 0x0000023ed1080000)
 End Bits:   [0x0000023ed1080000, 0x0000023ed4fa0000)

Polling page: 0x0000023ebcb10000

CodeCache: size=245760Kb used=5923Kb max_used=5923Kb free=239836Kb
 bounds [0x0000023ebd060000, 0x0000023ebd630000, 0x0000023ecc060000]
 total_blobs=3217 nmethods=2796 adapters=341
 compilation: enabled

Compilation events (10 events):
Event: 3.508 Thread 0x0000023ed7d46000 2792       1       org.springframework.boot.autoconfigure.condition.ConditionEvaluationReport$ConditionAndOutcome::getOutcome (5 bytes)
Event: 3.508 Thread 0x0000023ed7d46000 nmethod 2792 0x0000023ebd627b50 code [0x0000023ebd627ca0, 0x0000023ebd627db8]
Event: 3.508 Thread 0x0000023ed7d46000 2793       1       java.util.TreeMap::forEach (58 bytes)
Event: 3.508 Thread 0x0000023ed7d46000 nmethod 2793 0x0000023ebd627e10 code [0x0000023ebd627fc0, 0x0000023ebd6282e0]
Event: 3.512 Thread 0x0000023ed7d46000 2794       1       org.springframework.core.ResolvableType::isAssignableFrom (7 bytes)
Event: 3.512 Thread 0x0000023ed7d46000 nmethod 2794 0x0000023ebd628590 code [0x0000023ebd6286e0, 0x0000023ebd628830]
Event: 3.512 Thread 0x0000023ed7d46000 2795       1       sun.reflect.generics.reflectiveObjects.TypeVariableImpl::getName (5 bytes)
Event: 3.512 Thread 0x0000023ed7d46000 nmethod 2795 0x0000023ebd6288d0 code [0x0000023ebd628a20, 0x0000023ebd628b38]
Event: 3.512 Thread 0x0000023ed7d46000 2796       1       org.springframework.core.ResolvableType::isAssignableFrom (10 bytes)
Event: 3.512 Thread 0x0000023ed7d46000 nmethod 2796 0x0000023ebd628b90 code [0x0000023ebd628d00, 0x0000023ebd628ee0]

GC Heap History (8 events):
Event: 1.924 GC heap before
{Heap before GC invocations=1 (full 0):
 PSYoungGen      total 75776K, used 65024K [0x000000076bd80000, 0x0000000771200000, 0x00000007c0000000)
  eden space 65024K, 100% used [0x000000076bd80000,0x000000076fd00000,0x000000076fd00000)
  from space 10752K, 0% used [0x0000000770780000,0x0000000770780000,0x0000000771200000)
  to   space 10752K, 0% used [0x000000076fd00000,0x000000076fd00000,0x0000000770780000)
 ParOldGen       total 173568K, used 0K [0x00000006c3800000, 0x00000006ce180000, 0x000000076bd80000)
  object space 173568K, 0% used [0x00000006c3800000,0x00000006c3800000,0x00000006ce180000)
 Metaspace       used 14782K, capacity 15490K, committed 15616K, reserved 1062912K
  class space    used 1888K, capacity 2043K, committed 2048K, reserved 1048576K
Event: 1.930 GC heap after
Heap after GC invocations=1 (full 0):
 PSYoungGen      total 75776K, used 8048K [0x000000076bd80000, 0x0000000771200000, 0x00000007c0000000)
  eden space 65024K, 0% used [0x000000076bd80000,0x000000076bd80000,0x000000076fd00000)
  from space 10752K, 74% used [0x000000076fd00000,0x00000007704dc020,0x0000000770780000)
  to   space 10752K, 0% used [0x0000000770780000,0x0000000770780000,0x0000000771200000)
 ParOldGen       total 173568K, used 16K [0x00000006c3800000, 0x00000006ce180000, 0x000000076bd80000)
  object space 173568K, 0% used [0x00000006c3800000,0x00000006c3804000,0x00000006ce180000)
 Metaspace       used 14782K, capacity 15490K, committed 15616K, reserved 1062912K
  class space    used 1888K, capacity 2043K, committed 2048K, reserved 1048576K
}
Event: 2.205 GC heap before
{Heap before GC invocations=2 (full 0):
 PSYoungGen      total 75776K, used 63355K [0x000000076bd80000, 0x0000000771200000, 0x00000007c0000000)
  eden space 65024K, 85% used [0x000000076bd80000,0x000000076f382f08,0x000000076fd00000)
  from space 10752K, 74% used [0x000000076fd00000,0x00000007704dc020,0x0000000770780000)
  to   space 10752K, 0% used [0x0000000770780000,0x0000000770780000,0x0000000771200000)
 ParOldGen       total 173568K, used 16K [0x00000006c3800000, 0x00000006ce180000, 0x000000076bd80000)
  object space 173568K, 0% used [0x00000006c3800000,0x00000006c3804000,0x00000006ce180000)
 Metaspace       used 20347K, capacity 21238K, committed 21296K, reserved 1067008K
  class space    used 2623K, capacity 2823K, committed 2864K, reserved 1048576K
Event: 2.216 GC heap after
Heap after GC invocations=2 (full 0):
 PSYoungGen      total 75776K, used 10736K [0x000000076bd80000, 0x0000000775180000, 0x00000007c0000000)
  eden space 65024K, 0% used [0x000000076bd80000,0x000000076bd80000,0x000000076fd00000)
  from space 10752K, 99% used [0x0000000770780000,0x00000007711fc278,0x0000000771200000)
  to   space 10752K, 0% used [0x000000076fd00000,0x000000076fd00000,0x0000000770780000)
 ParOldGen       total 173568K, used 269K [0x00000006c3800000, 0x00000006ce180000, 0x000000076bd80000)
  object space 173568K, 0% used [0x00000006c3800000,0x00000006c3843600,0x00000006ce180000)
 Metaspace       used 20347K, capacity 21238K, committed 21296K, reserved 1067008K
  class space    used 2623K, capacity 2823K, committed 2864K, reserved 1048576K
}
Event: 2.216 GC heap before
{Heap before GC invocations=3 (full 1):
 PSYoungGen      total 75776K, used 10736K [0x000000076bd80000, 0x0000000775180000, 0x00000007c0000000)
  eden space 65024K, 0% used [0x000000076bd80000,0x000000076bd80000,0x000000076fd00000)
  from space 10752K, 99% used [0x0000000770780000,0x00000007711fc278,0x0000000771200000)
  to   space 10752K, 0% used [0x000000076fd00000,0x000000076fd00000,0x0000000770780000)
 ParOldGen       total 173568K, used 269K [0x00000006c3800000, 0x00000006ce180000, 0x000000076bd80000)
  object space 173568K, 0% used [0x00000006c3800000,0x00000006c3843600,0x00000006ce180000)
 Metaspace       used 20347K, capacity 21238K, committed 21296K, reserved 1067008K
  class space    used 2623K, capacity 2823K, committed 2864K, reserved 1048576K
Event: 2.241 GC heap after
Heap after GC invocations=3 (full 1):
 PSYoungGen      total 75776K, used 0K [0x000000076bd80000, 0x0000000775180000, 0x00000007c0000000)
  eden space 65024K, 0% used [0x000000076bd80000,0x000000076bd80000,0x000000076fd00000)
  from space 10752K, 0% used [0x0000000770780000,0x0000000770780000,0x0000000771200000)
  to   space 10752K, 0% used [0x000000076fd00000,0x000000076fd00000,0x0000000770780000)
 ParOldGen       total 100352K, used 10629K [0x00000006c3800000, 0x00000006c9a00000, 0x000000076bd80000)
  object space 100352K, 10% used [0x00000006c3800000,0x00000006c4261718,0x00000006c9a00000)
 Metaspace       used 20347K, capacity 21238K, committed 21296K, reserved 1067008K
  class space    used 2623K, capacity 2823K, committed 2864K, reserved 1048576K
}
Event: 2.735 GC heap before
{Heap before GC invocations=4 (full 1):
 PSYoungGen      total 75776K, used 65024K [0x000000076bd80000, 0x0000000775180000, 0x00000007c0000000)
  eden space 65024K, 100% used [0x000000076bd80000,0x000000076fd00000,0x000000076fd00000)
  from space 10752K, 0% used [0x0000000770780000,0x0000000770780000,0x0000000771200000)
  to   space 10752K, 0% used [0x000000076fd00000,0x000000076fd00000,0x0000000770780000)
 ParOldGen       total 100352K, used 10629K [0x00000006c3800000, 0x00000006c9a00000, 0x000000076bd80000)
  object space 100352K, 10% used [0x00000006c3800000,0x00000006c4261718,0x00000006c9a00000)
 Metaspace       used 25524K, capacity 27254K, committed 27568K, reserved 1073152K
  class space    used 3354K, capacity 3693K, committed 3760K, reserved 1048576K
Event: 2.738 GC heap after
Heap after GC invocations=4 (full 1):
 PSYoungGen      total 75776K, used 7970K [0x000000076bd80000, 0x0000000773680000, 0x00000007c0000000)
  eden space 65024K, 0% used [0x000000076bd80000,0x000000076bd80000,0x000000076fd00000)
  from space 10752K, 74% used [0x000000076fd00000,0x00000007704c8ba0,0x0000000770780000)
  to   space 10752K, 0% used [0x0000000772c00000,0x0000000772c00000,0x0000000773680000)
 ParOldGen       total 100352K, used 10637K [0x00000006c3800000, 0x00000006c9a00000, 0x000000076bd80000)
  object space 100352K, 10% used [0x00000006c3800000,0x00000006c4263718,0x00000006c9a00000)
 Metaspace       used 25524K, capacity 27254K, committed 27568K, reserved 1073152K
  class space    used 3354K, capacity 3693K, committed 3760K, reserved 1048576K
}

Deoptimization events (0 events):
No events

Classes redefined (0 events):
No events

Internal exceptions (10 events):
Event: 3.433 Thread 0x0000023ebb18a800 Exception <a 'java/lang/IncompatibleClassChangeError': Found class java.lang.Object, but interface was expected> (0x000000076e684ca0) thrown at [C:\jenkins\workspace\8-2-build-windows-amd64-cygwin\jdk8u261\295\hotspot\src\share\vm\interpreter\linkResolver
Event: 3.474 Thread 0x0000023ebb18a800 Exception <a 'java/lang/ArrayIndexOutOfBoundsException'> (0x000000076eaeddf0) thrown at [C:\jenkins\workspace\8-2-build-windows-amd64-cygwin\jdk8u261\295\hotspot\src\share\vm\runtime\sharedRuntime.cpp, line 605]
Event: 3.474 Thread 0x0000023ebb18a800 Exception <a 'java/lang/ArrayIndexOutOfBoundsException'> (0x000000076eb07d88) thrown at [C:\jenkins\workspace\8-2-build-windows-amd64-cygwin\jdk8u261\295\hotspot\src\share\vm\runtime\sharedRuntime.cpp, line 605]
Event: 3.505 Thread 0x0000023ebb18a800 Exception <a 'java/lang/ArrayIndexOutOfBoundsException'> (0x000000076edd6098) thrown at [C:\jenkins\workspace\8-2-build-windows-amd64-cygwin\jdk8u261\295\hotspot\src\share\vm\runtime\sharedRuntime.cpp, line 605]
Event: 3.505 Thread 0x0000023ebb18a800 Exception <a 'java/lang/ArrayIndexOutOfBoundsException'> (0x000000076edde0c8) thrown at [C:\jenkins\workspace\8-2-build-windows-amd64-cygwin\jdk8u261\295\hotspot\src\share\vm\runtime\sharedRuntime.cpp, line 605]
Event: 3.505 Thread 0x0000023ebb18a800 Exception <a 'java/lang/ArrayIndexOutOfBoundsException'> (0x000000076ede05a8) thrown at [C:\jenkins\workspace\8-2-build-windows-amd64-cygwin\jdk8u261\295\hotspot\src\share\vm\runtime\sharedRuntime.cpp, line 605]
Event: 3.505 Thread 0x0000023ebb18a800 Exception <a 'java/lang/ArrayIndexOutOfBoundsException'> (0x000000076ede2a08) thrown at [C:\jenkins\workspace\8-2-build-windows-amd64-cygwin\jdk8u261\295\hotspot\src\share\vm\runtime\sharedRuntime.cpp, line 605]
Event: 3.505 Thread 0x0000023ebb18a800 Exception <a 'java/lang/ArrayIndexOutOfBoundsException'> (0x000000076ede42d0) thrown at [C:\jenkins\workspace\8-2-build-windows-amd64-cygwin\jdk8u261\295\hotspot\src\share\vm\runtime\sharedRuntime.cpp, line 605]
Event: 3.512 Thread 0x0000023ebb18a800 Exception <a 'java/lang/ArrayIndexOutOfBoundsException'> (0x000000076ee65b68) thrown at [C:\jenkins\workspace\8-2-build-windows-amd64-cygwin\jdk8u261\295\hotspot\src\share\vm\runtime\sharedRuntime.cpp, line 605]
Event: 3.512 Thread 0x0000023ebb18a800 Exception <a 'java/lang/ArrayIndexOutOfBoundsException'> (0x000000076ee67e70) thrown at [C:\jenkins\workspace\8-2-build-windows-amd64-cygwin\jdk8u261\295\hotspot\src\share\vm\runtime\sharedRuntime.cpp, line 605]

Events (10 events):
Event: 3.515 loading class java/net/URLEncoder
Event: 3.515 loading class java/net/URLEncoder done
Event: 3.519 loading class org/hyperic/sigar/NetRoute
Event: 3.519 loading class org/hyperic/sigar/NetRoute done
Event: 3.519 Thread 0x0000023ebb18a800 DEOPT PACKING pc=0x0000023ebd286d91 sp=0x0000006fedbfe760
Event: 3.519 Thread 0x0000023ebb18a800 DEOPT UNPACKING pc=0x0000023ebd0a7898 sp=0x0000006fedbfe4b0 mode 1
Event: 3.519 Thread 0x0000023ebb18a800 DEOPT PACKING pc=0x0000023ebd235b54 sp=0x0000006fedbfe7e0
Event: 3.519 Thread 0x0000023ebb18a800 DEOPT UNPACKING pc=0x0000023ebd0a7898 sp=0x0000006fedbfe600 mode 1
Event: 3.519 Thread 0x0000023ebb18a800 DEOPT PACKING pc=0x0000023ebd235a94 sp=0x0000006fedbfe970
Event: 3.519 Thread 0x0000023ebb18a800 DEOPT UNPACKING pc=0x0000023ebd0a7898 sp=0x0000006fedbfe790 mode 1


Dynamic libraries:
0x00007ff6f4ca0000 - 0x00007ff6f4ce7000 	D:\Development\jdk-8u261\bin\java.exe
0x00007ffd941e0000 - 0x00007ffd943d0000 	C:\windows\SYSTEM32\ntdll.dll
0x00007ffd932b0000 - 0x00007ffd93362000 	C:\windows\System32\KERNEL32.DLL
0x00007ffd91dc0000 - 0x00007ffd92065000 	C:\windows\System32\KERNELBASE.dll
0x00007ffd93140000 - 0x00007ffd931e3000 	C:\windows\System32\ADVAPI32.dll
0x00007ffd92640000 - 0x00007ffd926de000 	C:\windows\System32\msvcrt.dll
0x00007ffd935f0000 - 0x00007ffd93687000 	C:\windows\System32\sechost.dll
0x00007ffd92410000 - 0x00007ffd9252f000 	C:\windows\System32\RPCRT4.dll
0x00007ffd926e0000 - 0x00007ffd92874000 	C:\windows\System32\USER32.dll
0x00007ffd92260000 - 0x00007ffd92281000 	C:\windows\System32\win32u.dll
0x00007ffd92610000 - 0x00007ffd92636000 	C:\windows\System32\GDI32.dll
0x00007ffd920c0000 - 0x00007ffd92258000 	C:\windows\System32\gdi32full.dll
0x00007ffd91250000 - 0x00007ffd912ee000 	C:\windows\System32\msvcp_win.dll
0x00007ffd91b60000 - 0x00007ffd91c5a000 	C:\windows\System32\ucrtbase.dll
0x00007ffd83020000 - 0x00007ffd832a4000 	C:\windows\WinSxS\amd64_microsoft.windows.common-controls_6595b64144ccf1df_6.0.18362.1556_none_9e7e372fe45e41d5\COMCTL32.dll
0x00007ffd93e60000 - 0x00007ffd94196000 	C:\windows\System32\combase.dll
0x00007ffd91ad0000 - 0x00007ffd91b51000 	C:\windows\System32\bcryptPrimitives.dll
0x00007ffd92310000 - 0x00007ffd9233e000 	C:\windows\System32\IMM32.DLL
0x00000000545f0000 - 0x00000000545fd000 	C:\Program Files (x86)\360\360Safe\safemon\SafeWrapper.dll
0x00007ffd56100000 - 0x00007ffd561ac000 	C:\Program Files (x86)\360\360Safe\safemon\libzdtp64.dll
0x00007ffd92880000 - 0x00007ffd92f67000 	C:\windows\System32\SHELL32.dll
0x00007ffd91200000 - 0x00007ffd9124a000 	C:\windows\System32\cfgmgr32.dll
0x00007ffd93bf0000 - 0x00007ffd93c98000 	C:\windows\System32\shcore.dll
0x00007ffd912f0000 - 0x00007ffd91a6b000 	C:\windows\System32\windows.storage.dll
0x00007ffd910c0000 - 0x00007ffd910de000 	C:\windows\System32\profapi.dll
0x00007ffd91100000 - 0x00007ffd9114a000 	C:\windows\System32\powrprof.dll
0x00007ffd91090000 - 0x00007ffd910a0000 	C:\windows\System32\UMPDC.dll
0x00007ffd92340000 - 0x00007ffd92392000 	C:\windows\System32\shlwapi.dll
0x00007ffd910a0000 - 0x00007ffd910b1000 	C:\windows\System32\kernel.appcore.dll
0x00007ffd92070000 - 0x00007ffd92087000 	C:\windows\System32\cryptsp.dll
0x00007ffd90c70000 - 0x00007ffd90c7a000 	C:\windows\SYSTEM32\VERSION.dll
0x00007ffd6a330000 - 0x00007ffd6a345000 	D:\Development\jdk-8u261\jre\bin\vcruntime140.dll
0x00007ffd4ef00000 - 0x00007ffd4ef9b000 	D:\Development\jdk-8u261\jre\bin\msvcp140.dll
0x0000000053bb0000 - 0x000000005441c000 	D:\Development\jdk-8u261\jre\bin\server\jvm.dll
0x00007ffd93690000 - 0x00007ffd93698000 	C:\windows\System32\PSAPI.DLL
0x00007ffd8ef00000 - 0x00007ffd8ef24000 	C:\windows\SYSTEM32\WINMM.dll
0x00007ffd8d720000 - 0x00007ffd8d729000 	C:\windows\SYSTEM32\WSOCK32.dll
0x00007ffd92f70000 - 0x00007ffd92fdf000 	C:\windows\System32\WS2_32.dll
0x00007ffd8ea80000 - 0x00007ffd8eaad000 	C:\windows\SYSTEM32\WINMMBASE.dll
0x00007ffd7ec70000 - 0x00007ffd7ec80000 	D:\Development\jdk-8u261\jre\bin\verify.dll
0x00007ffd692a0000 - 0x00007ffd692cb000 	D:\Development\jdk-8u261\jre\bin\java.dll
0x00007ffd825b0000 - 0x00007ffd825e6000 	D:\Development\jdk-8u261\jre\bin\jdwp.dll
0x00007ffd8a840000 - 0x00007ffd8a849000 	D:\Development\jdk-8u261\jre\bin\npt.dll
0x00007ffd65320000 - 0x00007ffd65352000 	D:\Development\jdk-8u261\jre\bin\instrument.dll
0x00007ffd65bf0000 - 0x00007ffd65c08000 	D:\Development\jdk-8u261\jre\bin\zip.dll
0x00007ffd82a30000 - 0x00007ffd82a3a000 	D:\Development\jdk-8u261\jre\bin\dt_socket.dll
0x00007ffd838a0000 - 0x00007ffd83b81000 	C:\Windows\Netease\Booster\lsp64.dll
0x00007ffd91c60000 - 0x00007ffd91db1000 	C:\windows\System32\CRYPT32.dll
0x00007ffd910e0000 - 0x00007ffd910f2000 	C:\windows\System32\MSASN1.dll
0x00007ffd836a0000 - 0x00007ffd83894000 	C:\windows\SYSTEM32\dbghelp.dll
0x00007ffd90570000 - 0x00007ffd905aa000 	C:\windows\SYSTEM32\IPHLPAPI.DLL
0x00007ffd90860000 - 0x00007ffd908c7000 	C:\windows\system32\mswsock.dll
0x00007ffd91a70000 - 0x00007ffd91acc000 	C:\windows\System32\WINTRUST.DLL
0x00007ffd925f0000 - 0x00007ffd9260d000 	C:\windows\System32\imagehlp.dll
0x00007ffd903e0000 - 0x00007ffd90413000 	C:\windows\system32\rsaenh.dll
0x00007ffd92090000 - 0x00007ffd920b6000 	C:\windows\System32\bcrypt.dll
0x00007ffd90a30000 - 0x00007ffd90a3c000 	C:\windows\SYSTEM32\CRYPTBASE.dll
0x00007ffd87f00000 - 0x00007ffd87f0a000 	C:\windows\system32\wshqos.dll
0x00007ffd87ef0000 - 0x00007ffd87ef8000 	C:\windows\SYSTEM32\wshtcpip.DLL
0x00007ffd83f20000 - 0x00007ffd83f28000 	C:\windows\SYSTEM32\wship6.dll
0x00007ffd65ad0000 - 0x00007ffd65aec000 	D:\Development\jdk-8u261\jre\bin\net.dll
0x00007ffd905b0000 - 0x00007ffd9067b000 	C:\windows\SYSTEM32\DNSAPI.dll
0x00007ffd93be0000 - 0x00007ffd93be8000 	C:\windows\System32\NSI.dll
0x00007ffd83370000 - 0x00007ffd83386000 	C:\windows\system32\wlidnsp.dll
0x00007ffd83390000 - 0x00007ffd8339a000 	C:\Windows\System32\rasadhlp.dll
0x00007ffd87db0000 - 0x00007ffd87e27000 	C:\windows\System32\fwpuclnt.dll
0x00007ffd82a10000 - 0x00007ffd82a1d000 	D:\Development\jdk-8u261\jre\bin\management.dll
0x00007ffd65a90000 - 0x00007ffd65aa3000 	D:\Development\jdk-8u261\jre\bin\nio.dll
0x00007ffd90fb0000 - 0x00007ffd90fd5000 	C:\windows\SYSTEM32\USERENV.dll
0x00007ffd89fd0000 - 0x00007ffd89fe6000 	C:\windows\SYSTEM32\dhcpcsvc6.DLL
0x00007ffd89fb0000 - 0x00007ffd89fcc000 	C:\windows\SYSTEM32\dhcpcsvc.DLL
0x00007ffd712b0000 - 0x00007ffd712c6000 	C:\windows\system32\napinsp.dll
0x00007ffd71290000 - 0x00007ffd712aa000 	C:\windows\system32\pnrpnsp.dll
0x00007ffd75bf0000 - 0x00007ffd75bfe000 	C:\windows\System32\winrnr.dll
0x00007ffd8d6f0000 - 0x00007ffd8d70c000 	C:\windows\system32\NLAapi.dll
0x00007ffd71270000 - 0x00007ffd71285000 	C:\windows\system32\wshbth.dll
0x00007ffd82580000 - 0x00007ffd825a4000 	D:\Development\jdk-8u261\jre\bin\sunec.dll
0x00007ffd82600000 - 0x00007ffd8260d000 	D:\Development\jdk-8u261\jre\bin\sunmscapi.dll
0x00007ffd90b40000 - 0x00007ffd90b66000 	C:\windows\SYSTEM32\ncrypt.dll
0x00007ffd90b00000 - 0x00007ffd90b3b000 	C:\windows\SYSTEM32\NTASN1.dll
0x0000000010000000 - 0x0000000010070000 	D:\java\bin\sigar-amd64-winnt.dll
0x00007ffd92fe0000 - 0x00007ffd93137000 	C:\windows\System32\ole32.dll
0x00007ffd93370000 - 0x00007ffd93435000 	C:\windows\System32\OLEAUT32.dll
0x00007ffd61a20000 - 0x00007ffd61a68000 	C:\windows\SYSTEM32\pdh.dll
0x00007ffd88090000 - 0x00007ffd880a7000 	C:\windows\SYSTEM32\NETAPI32.dll
0x00007ffd90680000 - 0x00007ffd9068c000 	C:\windows\SYSTEM32\NETUTILS.DLL
0x00007ffd82b20000 - 0x00007ffd82b46000 	C:\windows\SYSTEM32\SRVCLI.DLL

VM Arguments:
jvm_args: -agentlib:jdwp=transport=dt_socket,address=127.0.0.1:26581,suspend=y,server=n -XX:TieredStopAtLevel=1 -Xverify:none -Dspring.output.ansi.enabled=always -Dcom.sun.management.jmxremote -Dspring.jmx.enabled=true -Dspring.liveBeansView.mbeanDomain -Dspring.application.admin.enabled=true -javaagent:C:\Users\USER\AppData\Local\JetBrains\IntelliJIdea2020.2\captureAgent\debugger-agent.jar -Dfile.encoding=UTF-8 
java_command: com.example.deviceinfo.DeviceInfoApplication
java_class_path (initial): D:\Development\jdk-8u261\jre\lib\charsets.jar;D:\Development\jdk-8u261\jre\lib\deploy.jar;D:\Development\jdk-8u261\jre\lib\ext\access-bridge-64.jar;D:\Development\jdk-8u261\jre\lib\ext\cldrdata.jar;D:\Development\jdk-8u261\jre\lib\ext\dnsns.jar;D:\Development\jdk-8u261\jre\lib\ext\jaccess.jar;D:\Development\jdk-8u261\jre\lib\ext\jfxrt.jar;D:\Development\jdk-8u261\jre\lib\ext\localedata.jar;D:\Development\jdk-8u261\jre\lib\ext\nashorn.jar;D:\Development\jdk-8u261\jre\lib\ext\sunec.jar;D:\Development\jdk-8u261\jre\lib\ext\sunjce_provider.jar;D:\Development\jdk-8u261\jre\lib\ext\sunmscapi.jar;D:\Development\jdk-8u261\jre\lib\ext\sunpkcs11.jar;D:\Development\jdk-8u261\jre\lib\ext\zipfs.jar;D:\Development\jdk-8u261\jre\lib\javaws.jar;D:\Development\jdk-8u261\jre\lib\jce.jar;D:\Development\jdk-8u261\jre\lib\jfr.jar;D:\Development\jdk-8u261\jre\lib\jfxswt.jar;D:\Development\jdk-8u261\jre\lib\jsse.jar;D:\Development\jdk-8u261\jre\lib\management-agent.jar;D:\Development\jdk-8u261\jre\lib\plugin.jar;D:\Development\jdk-8u261\jre\lib\resources.jar;D:\Development\jdk-8u261\jre\lib\rt.jar;F:\zhangjun\code\deviceInfo\target\classes;C:\Users\USER\.m2\repository\org\springframework\boot\spring-boot-starter\2.6.6\spring-boot-starter-2.6.6.jar;C:\Users\USER\.m2\repository\org\springframework\boot\spring-boot\2.6.6\spring-boot-2.6.6.jar;C:\Users\USER\.m2\repository\org\springframework\spring-context\5.3.18\spring-context-5.3.18.jar;C:\Users\USER\.m2\repository\org\springframework\boot\spring-boot-autoconfigure\2.6.6\spring-boot-autoconfigure-2.6.6.jar;C:\Users\USER\.m2\repository\org\springframework\boot\spring-boot-starter-logging\2.6.6\spring-boot-starter-logging-2.6.6.jar;C:\Users\USER\.m2\repository\ch\qos\logback\logback-classic\1.2.11\logback-classic-1.2.11.jar;C:\Users\USER\.m2\repository\ch\qos\logback\logback-core\1.2.11\logback-core-1.2.11.jar;C:\Users\USER\.m2\repository\org\apache\logging\log4j\log4j-to-slf4j\2.17.2\log4j-to-slf4j-2.17.2.jar;C:\
Launcher Type: SUN_STANDARD

Environment Variables:
JAVA_HOME=D:\java
CLASSPATH=D:\java\bin;D:\java\lib\dt.jar;D:\java\lib\tools.jar
PATH=D:\python\Scripts\;D:\python\;D:\java\jre\bin;D:\java\bin;C:\Users\USER\.m2\wrapper\dists\apache-maven-3.6.3-bin\1iopthnavndlasol9gbrbg6bf2\apache-maven-3.6.3\bin;C:\windows\system32;C:\windows;C:\windows\System32\Wbem;C:\windows\System32\WindowsPowerShell\v1.0\;C:\windows\System32\OpenSSH\;D:\Development\Nodejs\;D:\Èí¼þ\Git\cmd;D:\Development\Xftp\;C:\Program Files\dotnet\;D:\Èí¼þÏÂÔØ\;C:\Users\USER\AppData\Local\Programs\Python\Python39\Scripts\;C:\Users\USER\AppData\Local\Programs\Python\Python39\;C:\Users\USER\AppData\Local\Microsoft\WindowsApps;D:\Development\Vscode\Microsoft VS Code\bin;D:\ScanSoftware\Nmap;C:\Users\USER\AppData\Roaming\npm;D:\Anaconda\Scripts;
USERNAME=USER
OS=Windows_NT
PROCESSOR_IDENTIFIER=Intel64 Family 6 Model 158 Stepping 10, GenuineIntel



---------------  S Y S T E M  ---------------

OS: Windows 10.0 , 64 bit Build 18362 (10.0.18362.1500)

CPU:total 6 (initial active 6) (6 cores per cpu, 1 threads per core) family 6 model 158 stepping 10, cmov, cx8, fxsr, mmx, sse, sse2, sse3, ssse3, sse4.1, sse4.2, popcnt, avx, avx2, aes, clmul, erms, rtm, 3dnowpref, lzcnt, tsc, tscinvbit, bmi1, bmi2, adx

Memory: 4k page, physical 16546088k(8746592k free), swap 29129000k(18407024k free)

vm_info: Java HotSpot(TM) 64-Bit Server VM (25.261-b12) for windows-amd64 JRE (1.8.0_261-b12), built on Jun 18 2020 06:56:32 by "" with unknown MS VC++:1916

time: Tue Oct  3 14:26:27 2023
timezone: ?D1¨²¡À¨º¡Á?¨º¡À??
elapsed time: 3 seconds (0d 0h 0m 3s)

