#
# A fatal error has been detected by the Java Runtime Environment:
#
#  EXCEPTION_ACCESS_VIOLATION (0xc0000005) at pc=0x0000000010014ed4, pid=18040, tid=0x0000000000002374
#
# JRE version: Java(TM) SE Runtime Environment (8.0_261-b12) (build 1.8.0_261-b12)
# Java VM: Java HotSpot(TM) 64-Bit Server VM (25.261-b12 mixed mode windows-amd64 compressed oops)
# Problematic frame:
# C  [sigar-amd64-winnt.dll+0x14ed4]
#
# Failed to write core dump. Minidumps are not enabled by default on client versions of Windows
#
# If you would like to submit a bug report, please visit:
#   http://bugreport.java.com/bugreport/crash.jsp
# The crash happened outside the Java Virtual Machine in native code.
# See problematic frame for where to report the bug.
#

---------------  T H R E A D  ---------------

Current thread (0x000001dbf7268000):  JavaThread "main" [_thread_in_native, id=9076, stack(0x000000810c300000,0x000000810c400000)]

siginfo: ExceptionCode=0xc0000005, reading address 0xffffffff96f20d88

Registers:
RAX=0xffffffff96f20c50, RBX=0x000001dbffcd27b0, RCX=0x000001dbf72681f8, RDX=0x000000810c3fef38
RSP=0x000000810c3fed90, RBP=0x000000810c3fef18, RSI=0x0000000040200021, RDI=0x000001db8000837d
R8 =0x0000000000000032, R9 =0x000000076dc0a630, R10=0x0000000000000030, R11=0x0000000054396a1c
R12=0x0000000000000000, R13=0x000001dbffcd27a8, R14=0x000000810c3fef38, R15=0x000001dbf7268000
RIP=0x0000000010014ed4, EFLAGS=0x0000000000010286

Top of Stack: (sp=0x000000810c3fed90)
0x000000810c3fed90:   000001dbf72681f8 000000810c3fef38
0x000000810c3feda0:   000001dbf7268000 000001dbffcd27a8
0x000000810c3fedb0:   ffffffff96f20c50 000000810c3fef38
0x000000810c3fedc0:   000000810c3fef18 0000000010024618
0x000000810c3fedd0:   000001dbf72681f8 000000810c3fef38
0x000000810c3fede0:   0000000040200021 000001db8000837d
0x000000810c3fedf0:   000001dbffcd27b0 0000000000000000
0x000000810c3fee00:   000001dbf72fbf80 000000810c3fef38
0x000000810c3fee10:   000000810c3fef18 0000000053c828eb
0x000000810c3fee20:   000000810c3fee50 0000000000000000
0x000000810c3fee30:   000001dbffcd27b0 000001dbf72514c0
0x000000810c3fee40:   000001dbffcd27b0 000001dbf7268000
0x000000810c3fee50:   000001dbffcd27b0 000001dbf7268000
0x000000810c3fee60:   000001db8000837d 0000000040200021
0x000000810c3fee70:   000001dbffcd27b0 000001db80019da6
0x000000810c3fee80:   000001dbffcd2700 000001dbffcd27b0 

Instructions: (pc=0x0000000010014ed4)
0x0000000010014eb4:   7c 24 20 00 75 15 48 8d 15 df 58 04 00 48 8b 4c
0x0000000010014ec4:   24 40 e8 45 00 00 00 33 c0 eb 32 48 8b 44 24 20
0x0000000010014ed4:   83 b8 38 01 00 00 00 74 1f 48 8b 44 24 20 44 8b
0x0000000010014ee4:   80 38 01 00 00 48 8b 54 24 20 48 8b 4c 24 40 e8 


Register to memory mapping:

RAX=0xffffffff96f20c50 is an unknown value
RBX={method} {0x000001dbffcd27b8} 'getNetRouteList' '()[Lorg/hyperic/sigar/NetRoute;' in 'org/hyperic/sigar/Sigar'
RCX=0x000001dbf72681f8 is an unknown value
RDX=0x000000810c3fef38 is pointing into the stack for thread: 0x000001dbf7268000
RSP=0x000000810c3fed90 is pointing into the stack for thread: 0x000001dbf7268000
RBP=0x000000810c3fef18 is pointing into the stack for thread: 0x000001dbf7268000
RSI=0x0000000040200021 is an unknown value
RDI=0x000001db8000837d is at code_begin+2301 in an Interpreter codelet
invoke return entry points  [0x000001db80007a80, 0x000001db80008460]  2528 bytes
R8 =0x0000000000000032 is an unknown value
R9 =0x000000076dc0a630 is an oop
org.hyperic.sigar.Sigar 
 - klass: 'org/hyperic/sigar/Sigar'
R10=0x0000000000000030 is an unknown value
R11=0x0000000054396a1c is an unknown value
R12=0x0000000000000000 is an unknown value
R13=0x000001dbffcd27a8 is pointing into metadata
R14=0x000000810c3fef38 is pointing into the stack for thread: 0x000001dbf7268000
R15=0x000001dbf7268000 is a thread


Stack: [0x000000810c300000,0x000000810c400000],  sp=0x000000810c3fed90,  free space=1019k
Native frames: (J=compiled Java code, j=interpreted, Vv=VM code, C=native code)
C  [sigar-amd64-winnt.dll+0x14ed4]
C  [sigar-amd64-winnt.dll+0x24618]
C  0x000001db80019f4e

Java frames: (J=compiled Java code, j=interpreted, Vv=VM code)
j  org.hyperic.sigar.Sigar.getNetRouteList()[Lorg/hyperic/sigar/NetRoute;+0
j  com.example.deviceinfo.infoGetter.DevInfoGetter.getNetInfo()Ljava/util/List;+19
j  com.example.deviceinfo.infoGetter.DevInfoGetter.getDevInfo()Lcom/example/deviceinfo/infoGetter/DeviceInfo;+9
j  com.example.deviceinfo.DeviceInfoApplication.run([Ljava/lang/String;)V+4
j  org.springframework.boot.SpringApplication.callRunner(Lorg/springframework/boot/CommandLineRunner;Lorg/springframework/boot/ApplicationArguments;)V+7
j  org.springframework.boot.SpringApplication.callRunners(Lorg/springframework/context/ApplicationContext;Lorg/springframework/boot/ApplicationArguments;)V+119
j  org.springframework.boot.SpringApplication.run([Ljava/lang/String;)Lorg/springframework/context/ConfigurableApplicationContext;+169
j  com.example.deviceinfo.DeviceInfoApplication.main([Ljava/lang/String;)V+37
v  ~StubRoutines::call_stub

---------------  P R O C E S S  ---------------

Java Threads: ( => current thread )
  0x000001dbfe8fa800 JavaThread "http-nio-8085-Acceptor" daemon [_thread_in_native, id=11312, stack(0x000000810e700000,0x000000810e800000)]
  0x000001dbfe8f5800 JavaThread "http-nio-8085-Poller" daemon [_thread_in_native, id=14720, stack(0x000000810e600000,0x000000810e700000)]
  0x000001dbfe8f7800 JavaThread "http-nio-8085-exec-10" daemon [_thread_blocked, id=11884, stack(0x000000810e500000,0x000000810e600000)]
  0x000001dbfe8f4800 JavaThread "http-nio-8085-exec-9" daemon [_thread_blocked, id=8552, stack(0x000000810e400000,0x000000810e500000)]
  0x000001dbfe8fa000 JavaThread "http-nio-8085-exec-8" daemon [_thread_blocked, id=4648, stack(0x000000810e300000,0x000000810e400000)]
  0x000001dbfe8f4000 JavaThread "http-nio-8085-exec-7" daemon [_thread_blocked, id=17948, stack(0x000000810e200000,0x000000810e300000)]
  0x000001dbfe8f9000 JavaThread "http-nio-8085-exec-6" daemon [_thread_blocked, id=9852, stack(0x000000810e100000,0x000000810e200000)]
  0x000001dbfe8e3000 JavaThread "http-nio-8085-exec-5" daemon [_thread_blocked, id=11860, stack(0x000000810e000000,0x000000810e100000)]
  0x000001dbfe8e2800 JavaThread "http-nio-8085-exec-4" daemon [_thread_blocked, id=17564, stack(0x000000810df00000,0x000000810e000000)]
  0x000001dbfe8e1800 JavaThread "http-nio-8085-exec-3" daemon [_thread_blocked, id=15128, stack(0x000000810de00000,0x000000810df00000)]
  0x000001dbfe8e1000 JavaThread "http-nio-8085-exec-2" daemon [_thread_blocked, id=8792, stack(0x000000810dd00000,0x000000810de00000)]
  0x000001dbfe8e0000 JavaThread "http-nio-8085-exec-1" daemon [_thread_blocked, id=14968, stack(0x000000810dc00000,0x000000810dd00000)]
  0x000001dbfe78c000 JavaThread "container-0" [_thread_blocked, id=9180, stack(0x000000810db00000,0x000000810dc00000)]
  0x000001dbfe78b000 JavaThread "Catalina-utility-2" [_thread_blocked, id=14780, stack(0x000000810da00000,0x000000810db00000)]
  0x000001dbfe747800 JavaThread "Catalina-utility-1" [_thread_blocked, id=9396, stack(0x000000810d900000,0x000000810da00000)]
  0x000001dbfcbb1000 JavaThread "RMI Scheduler(0)" daemon [_thread_blocked, id=5680, stack(0x000000810d800000,0x000000810d900000)]
  0x000001dbfcc3d800 JavaThread "RMI TCP Connection(1)-169.254.227.190" daemon [_thread_in_native, id=16212, stack(0x000000810d700000,0x000000810d800000)]
  0x000001dbfd2b6800 JavaThread "RMI TCP Accept-0" daemon [_thread_in_native, id=6472, stack(0x000000810d500000,0x000000810d600000)]
  0x000001dbfcdcb800 JavaThread "Service Thread" daemon [_thread_blocked, id=16524, stack(0x000000810d300000,0x000000810d400000)]
  0x000001dbfcd35800 JavaThread "C1 CompilerThread2" daemon [_thread_blocked, id=10396, stack(0x000000810d200000,0x000000810d300000)]
  0x000001dbfcd34000 JavaThread "C2 CompilerThread1" daemon [_thread_blocked, id=5348, stack(0x000000810d100000,0x000000810d200000)]
  0x000001dbfcd33800 JavaThread "C2 CompilerThread0" daemon [_thread_blocked, id=9012, stack(0x000000810d000000,0x000000810d100000)]
  0x000001dbfcd32000 JavaThread "Monitor Ctrl-Break" daemon [_thread_in_native, id=8404, stack(0x000000810cf00000,0x000000810d000000)]
  0x000001dbfb56c000 JavaThread "Attach Listener" daemon [_thread_blocked, id=18216, stack(0x000000810ce00000,0x000000810cf00000)]
  0x000001dbfb56b800 JavaThread "Signal Dispatcher" daemon [_thread_blocked, id=7660, stack(0x000000810cd00000,0x000000810ce00000)]
  0x000001dbf7306800 JavaThread "Finalizer" daemon [_thread_blocked, id=7428, stack(0x000000810cc00000,0x000000810cd00000)]
  0x000001dbfb544000 JavaThread "Reference Handler" daemon [_thread_blocked, id=14412, stack(0x000000810cb00000,0x000000810cc00000)]
=>0x000001dbf7268000 JavaThread "main" [_thread_in_native, id=9076, stack(0x000000810c300000,0x000000810c400000)]

Other Threads:
  0x000001dbfb520800 VMThread [stack: 0x000000810ca00000,0x000000810cb00000] [id=11668]
  0x000001dbfd2c4000 WatcherThread [stack: 0x000000810d600000,0x000000810d700000] [id=14016]

VM state:not at safepoint (normal execution)

VM Mutex/Monitor currently owned by a thread: None

heap address: 0x00000006c3800000, size: 4040 MB, Compressed Oops mode: Zero based, Oop shift amount: 3
Narrow klass base: 0x0000000000000000, Narrow klass shift: 3
Compressed class space size: 1073741824 Address: 0x00000007c0000000

Heap:
 PSYoungGen      total 75776K, used 39537K [0x000000076bd80000, 0x0000000773600000, 0x00000007c0000000)
  eden space 65024K, 48% used [0x000000076bd80000,0x000000076dc324c8,0x000000076fd00000)
  from space 10752K, 75% used [0x000000076fd00000,0x00000007704ea090,0x0000000770780000)
  to   space 10752K, 0% used [0x0000000772b80000,0x0000000772b80000,0x0000000773600000)
 ParOldGen       total 98816K, used 9980K [0x00000006c3800000, 0x00000006c9880000, 0x000000076bd80000)
  object space 98816K, 10% used [0x00000006c3800000,0x00000006c41bf2f0,0x00000006c9880000)
 Metaspace       used 29510K, capacity 31574K, committed 31744K, reserved 1077248K
  class space    used 3942K, capacity 4331K, committed 4352K, reserved 1048576K

Card table byte_map: [0x000001dbf94f0000,0x000001dbf9ce0000] byte_map_base: 0x000001dbf5ed4000

Marking Bits: (ParMarkBitMap*) 0x00000000543a4fb0
 Begin Bits: [0x000001db8f000000, 0x000001db92f20000)
 End Bits:   [0x000001db92f20000, 0x000001db96e40000)

Polling page: 0x000001dbf7200000

CodeCache: size=245760Kb used=5568Kb max_used=5568Kb free=240191Kb
 bounds [0x000001db80000000, 0x000001db80580000, 0x000001db8f000000]
 total_blobs=3172 nmethods=2744 adapters=340
 compilation: enabled

Compilation events (10 events):
Event: 2.129 Thread 0x000001dbfcd35800 2740       1       org.springframework.boot.autoconfigure.condition.ConditionEvaluationReport$ConditionAndOutcome::getOutcome (5 bytes)
Event: 2.129 Thread 0x000001dbfcd35800 nmethod 2740 0x000001db8056ea10 code [0x000001db8056eb60, 0x000001db8056ec78]
Event: 2.129 Thread 0x000001dbfcd35800 2741       1       java.util.TreeMap::forEach (58 bytes)
Event: 2.129 Thread 0x000001dbfcd35800 nmethod 2741 0x000001db8056ecd0 code [0x000001db8056ee60, 0x000001db8056f160]
Event: 2.132 Thread 0x000001dbfcd35800 2742       1       org.springframework.core.ResolvableType::isAssignableFrom (7 bytes)
Event: 2.132 Thread 0x000001dbfcd35800 nmethod 2742 0x000001db8056f3d0 code [0x000001db8056f520, 0x000001db8056f650]
Event: 2.132 Thread 0x000001dbfcd35800 2743       1       org.springframework.core.ResolvableType::isAssignableFrom (10 bytes)
Event: 2.132 Thread 0x000001dbfcd35800 nmethod 2743 0x000001db8056f6d0 code [0x000001db8056f840, 0x000001db8056fa00]
Event: 2.132 Thread 0x000001dbfcd35800 2744       1       sun.reflect.generics.repository.ClassRepository::getSuperInterfaces (77 bytes)
Event: 2.133 Thread 0x000001dbfcd35800 nmethod 2744 0x000001db8056fad0 code [0x000001db8056fc60, 0x000001db805700c0]

GC Heap History (8 events):
Event: 1.094 GC heap before
{Heap before GC invocations=1 (full 0):
 PSYoungGen      total 75776K, used 65024K [0x000000076bd80000, 0x0000000771200000, 0x00000007c0000000)
  eden space 65024K, 100% used [0x000000076bd80000,0x000000076fd00000,0x000000076fd00000)
  from space 10752K, 0% used [0x0000000770780000,0x0000000770780000,0x0000000771200000)
  to   space 10752K, 0% used [0x000000076fd00000,0x000000076fd00000,0x0000000770780000)
 ParOldGen       total 173568K, used 0K [0x00000006c3800000, 0x00000006ce180000, 0x000000076bd80000)
  object space 173568K, 0% used [0x00000006c3800000,0x00000006c3800000,0x00000006ce180000)
 Metaspace       used 15880K, capacity 16554K, committed 16896K, reserved 1064960K
  class space    used 2051K, capacity 2217K, committed 2304K, reserved 1048576K
Event: 1.101 GC heap after
Heap after GC invocations=1 (full 0):
 PSYoungGen      total 75776K, used 9552K [0x000000076bd80000, 0x0000000771200000, 0x00000007c0000000)
  eden space 65024K, 0% used [0x000000076bd80000,0x000000076bd80000,0x000000076fd00000)
  from space 10752K, 88% used [0x000000076fd00000,0x00000007706541f0,0x0000000770780000)
  to   space 10752K, 0% used [0x0000000770780000,0x0000000770780000,0x0000000771200000)
 ParOldGen       total 173568K, used 16K [0x00000006c3800000, 0x00000006ce180000, 0x000000076bd80000)
  object space 173568K, 0% used [0x00000006c3800000,0x00000006c3804000,0x00000006ce180000)
 Metaspace       used 15880K, capacity 16554K, committed 16896K, reserved 1064960K
  class space    used 2051K, capacity 2217K, committed 2304K, reserved 1048576K
}
Event: 1.424 GC heap before
{Heap before GC invocations=2 (full 0):
 PSYoungGen      total 75776K, used 63496K [0x000000076bd80000, 0x0000000771200000, 0x00000007c0000000)
  eden space 65024K, 82% used [0x000000076bd80000,0x000000076f22e020,0x000000076fd00000)
  from space 10752K, 88% used [0x000000076fd00000,0x00000007706541f0,0x0000000770780000)
  to   space 10752K, 0% used [0x0000000770780000,0x0000000770780000,0x0000000771200000)
 ParOldGen       total 173568K, used 16K [0x00000006c3800000, 0x00000006ce180000, 0x000000076bd80000)
  object space 173568K, 0% used [0x00000006c3800000,0x00000006c3804000,0x00000006ce180000)
 Metaspace       used 20215K, capacity 21206K, committed 21296K, reserved 1067008K
  class space    used 2654K, capacity 2895K, committed 2944K, reserved 1048576K
Event: 1.454 GC heap after
Heap after GC invocations=2 (full 0):
 PSYoungGen      total 75776K, used 10347K [0x000000076bd80000, 0x0000000775180000, 0x00000007c0000000)
  eden space 65024K, 0% used [0x000000076bd80000,0x000000076bd80000,0x000000076fd00000)
  from space 10752K, 96% used [0x0000000770780000,0x000000077119afb0,0x0000000771200000)
  to   space 10752K, 0% used [0x000000076fd00000,0x000000076fd00000,0x0000000770780000)
 ParOldGen       total 173568K, used 24K [0x00000006c3800000, 0x00000006ce180000, 0x000000076bd80000)
  object space 173568K, 0% used [0x00000006c3800000,0x00000006c3806000,0x00000006ce180000)
 Metaspace       used 20215K, capacity 21206K, committed 21296K, reserved 1067008K
  class space    used 2654K, capacity 2895K, committed 2944K, reserved 1048576K
}
Event: 1.454 GC heap before
{Heap before GC invocations=3 (full 1):
 PSYoungGen      total 75776K, used 10347K [0x000000076bd80000, 0x0000000775180000, 0x00000007c0000000)
  eden space 65024K, 0% used [0x000000076bd80000,0x000000076bd80000,0x000000076fd00000)
  from space 10752K, 96% used [0x0000000770780000,0x000000077119afb0,0x0000000771200000)
  to   space 10752K, 0% used [0x000000076fd00000,0x000000076fd00000,0x0000000770780000)
 ParOldGen       total 173568K, used 24K [0x00000006c3800000, 0x00000006ce180000, 0x000000076bd80000)
  object space 173568K, 0% used [0x00000006c3800000,0x00000006c3806000,0x00000006ce180000)
 Metaspace       used 20215K, capacity 21206K, committed 21296K, reserved 1067008K
  class space    used 2654K, capacity 2895K, committed 2944K, reserved 1048576K
Event: 1.492 GC heap after
Heap after GC invocations=3 (full 1):
 PSYoungGen      total 75776K, used 0K [0x000000076bd80000, 0x0000000775180000, 0x00000007c0000000)
  eden space 65024K, 0% used [0x000000076bd80000,0x000000076bd80000,0x000000076fd00000)
  from space 10752K, 0% used [0x0000000770780000,0x0000000770780000,0x0000000771200000)
  to   space 10752K, 0% used [0x000000076fd00000,0x000000076fd00000,0x0000000770780000)
 ParOldGen       total 98816K, used 9972K [0x00000006c3800000, 0x00000006c9880000, 0x000000076bd80000)
  object space 98816K, 10% used [0x00000006c3800000,0x00000006c41bd2f0,0x00000006c9880000)
 Metaspace       used 20215K, capacity 21206K, committed 21296K, reserved 1067008K
  class space    used 2654K, capacity 2895K, committed 2944K, reserved 1048576K
}
Event: 1.918 GC heap before
{Heap before GC invocations=4 (full 1):
 PSYoungGen      total 75776K, used 65024K [0x000000076bd80000, 0x0000000775180000, 0x00000007c0000000)
  eden space 65024K, 100% used [0x000000076bd80000,0x000000076fd00000,0x000000076fd00000)
  from space 10752K, 0% used [0x0000000770780000,0x0000000770780000,0x0000000771200000)
  to   space 10752K, 0% used [0x000000076fd00000,0x000000076fd00000,0x0000000770780000)
 ParOldGen       total 98816K, used 9972K [0x00000006c3800000, 0x00000006c9880000, 0x000000076bd80000)
  object space 98816K, 10% used [0x00000006c3800000,0x00000006c41bd2f0,0x00000006c9880000)
 Metaspace       used 26714K, capacity 28488K, committed 28800K, reserved 1075200K
  class space    used 3546K, capacity 3908K, committed 3968K, reserved 1048576K
Event: 1.921 GC heap after
Heap after GC invocations=4 (full 1):
 PSYoungGen      total 75776K, used 8104K [0x000000076bd80000, 0x0000000773600000, 0x00000007c0000000)
  eden space 65024K, 0% used [0x000000076bd80000,0x000000076bd80000,0x000000076fd00000)
  from space 10752K, 75% used [0x000000076fd00000,0x00000007704ea090,0x0000000770780000)
  to   space 10752K, 0% used [0x0000000772b80000,0x0000000772b80000,0x0000000773600000)
 ParOldGen       total 98816K, used 9980K [0x00000006c3800000, 0x00000006c9880000, 0x000000076bd80000)
  object space 98816K, 10% used [0x00000006c3800000,0x00000006c41bf2f0,0x00000006c9880000)
 Metaspace       used 26714K, capacity 28488K, committed 28800K, reserved 1075200K
  class space    used 3546K, capacity 3908K, committed 3968K, reserved 1048576K
}

Deoptimization events (0 events):
No events

Classes redefined (0 events):
No events

Internal exceptions (10 events):
Event: 2.065 Thread 0x000001dbf7268000 Exception <a 'java/lang/IncompatibleClassChangeError': Found class java.lang.Object, but interface was expected> (0x000000076d361d40) thrown at [C:\jenkins\workspace\8-2-build-windows-amd64-cygwin\jdk8u261\295\hotspot\src\share\vm\interpreter\linkResolver
Event: 2.098 Thread 0x000001dbf7268000 Exception <a 'java/lang/ArrayIndexOutOfBoundsException'> (0x000000076d78a8a8) thrown at [C:\jenkins\workspace\8-2-build-windows-amd64-cygwin\jdk8u261\295\hotspot\src\share\vm\runtime\sharedRuntime.cpp, line 605]
Event: 2.098 Thread 0x000001dbf7268000 Exception <a 'java/lang/ArrayIndexOutOfBoundsException'> (0x000000076d7a47f0) thrown at [C:\jenkins\workspace\8-2-build-windows-amd64-cygwin\jdk8u261\295\hotspot\src\share\vm\runtime\sharedRuntime.cpp, line 605]
Event: 2.126 Thread 0x000001dbf7268000 Exception <a 'java/lang/ArrayIndexOutOfBoundsException'> (0x000000076db2d4c8) thrown at [C:\jenkins\workspace\8-2-build-windows-amd64-cygwin\jdk8u261\295\hotspot\src\share\vm\runtime\sharedRuntime.cpp, line 605]
Event: 2.126 Thread 0x000001dbf7268000 Exception <a 'java/lang/ArrayIndexOutOfBoundsException'> (0x000000076db35258) thrown at [C:\jenkins\workspace\8-2-build-windows-amd64-cygwin\jdk8u261\295\hotspot\src\share\vm\runtime\sharedRuntime.cpp, line 605]
Event: 2.126 Thread 0x000001dbf7268000 Exception <a 'java/lang/ArrayIndexOutOfBoundsException'> (0x000000076db376f0) thrown at [C:\jenkins\workspace\8-2-build-windows-amd64-cygwin\jdk8u261\295\hotspot\src\share\vm\runtime\sharedRuntime.cpp, line 605]
Event: 2.126 Thread 0x000001dbf7268000 Exception <a 'java/lang/ArrayIndexOutOfBoundsException'> (0x000000076db39b50) thrown at [C:\jenkins\workspace\8-2-build-windows-amd64-cygwin\jdk8u261\295\hotspot\src\share\vm\runtime\sharedRuntime.cpp, line 605]
Event: 2.126 Thread 0x000001dbf7268000 Exception <a 'java/lang/ArrayIndexOutOfBoundsException'> (0x000000076db3b418) thrown at [C:\jenkins\workspace\8-2-build-windows-amd64-cygwin\jdk8u261\295\hotspot\src\share\vm\runtime\sharedRuntime.cpp, line 605]
Event: 2.132 Thread 0x000001dbf7268000 Exception <a 'java/lang/ArrayIndexOutOfBoundsException'> (0x000000076dbb4cc0) thrown at [C:\jenkins\workspace\8-2-build-windows-amd64-cygwin\jdk8u261\295\hotspot\src\share\vm\runtime\sharedRuntime.cpp, line 605]
Event: 2.132 Thread 0x000001dbf7268000 Exception <a 'java/lang/ArrayIndexOutOfBoundsException'> (0x000000076dbb6fc8) thrown at [C:\jenkins\workspace\8-2-build-windows-amd64-cygwin\jdk8u261\295\hotspot\src\share\vm\runtime\sharedRuntime.cpp, line 605]

Events (10 events):
Event: 2.134 loading class org/hyperic/jni/ArchLoader
Event: 2.134 loading class org/hyperic/jni/ArchLoader done
Event: 2.135 loading class org/hyperic/jni/ArchName
Event: 2.135 loading class org/hyperic/jni/ArchName done
Event: 2.135 loading class java/net/URLDecoder
Event: 2.135 loading class java/net/URLDecoder done
Event: 2.135 loading class java/net/URLEncoder
Event: 2.135 loading class java/net/URLEncoder done
Event: 2.139 loading class org/hyperic/sigar/NetRoute
Event: 2.139 loading class org/hyperic/sigar/NetRoute done


Dynamic libraries:
0x00007ff6f4ca0000 - 0x00007ff6f4ce7000 	D:\Development\jdk-8u261\bin\java.exe
0x00007ffd941e0000 - 0x00007ffd943d0000 	C:\windows\SYSTEM32\ntdll.dll
0x00007ffd932b0000 - 0x00007ffd93362000 	C:\windows\System32\KERNEL32.DLL
0x00007ffd91dc0000 - 0x00007ffd92065000 	C:\windows\System32\KERNELBASE.dll
0x00007ffd93140000 - 0x00007ffd931e3000 	C:\windows\System32\ADVAPI32.dll
0x00007ffd92640000 - 0x00007ffd926de000 	C:\windows\System32\msvcrt.dll
0x00007ffd935f0000 - 0x00007ffd93687000 	C:\windows\System32\sechost.dll
0x00007ffd92410000 - 0x00007ffd9252f000 	C:\windows\System32\RPCRT4.dll
0x00007ffd926e0000 - 0x00007ffd92874000 	C:\windows\System32\USER32.dll
0x00007ffd92260000 - 0x00007ffd92281000 	C:\windows\System32\win32u.dll
0x00007ffd92610000 - 0x00007ffd92636000 	C:\windows\System32\GDI32.dll
0x00007ffd920c0000 - 0x00007ffd92258000 	C:\windows\System32\gdi32full.dll
0x00007ffd91250000 - 0x00007ffd912ee000 	C:\windows\System32\msvcp_win.dll
0x00007ffd91b60000 - 0x00007ffd91c5a000 	C:\windows\System32\ucrtbase.dll
0x00007ffd83020000 - 0x00007ffd832a4000 	C:\windows\WinSxS\amd64_microsoft.windows.common-controls_6595b64144ccf1df_6.0.18362.1556_none_9e7e372fe45e41d5\COMCTL32.dll
0x00007ffd93e60000 - 0x00007ffd94196000 	C:\windows\System32\combase.dll
0x00007ffd91ad0000 - 0x00007ffd91b51000 	C:\windows\System32\bcryptPrimitives.dll
0x00007ffd92310000 - 0x00007ffd9233e000 	C:\windows\System32\IMM32.DLL
0x0000000055730000 - 0x000000005573c000 	C:\Program Files (x86)\360\360Safe\safemon\SafeWrapper.dll
0x00007ffd80660000 - 0x00007ffd8070b000 	C:\Program Files (x86)\360\360Safe\safemon\libzdtp64.dll
0x00007ffd92880000 - 0x00007ffd92f67000 	C:\windows\System32\SHELL32.dll
0x00007ffd91200000 - 0x00007ffd9124a000 	C:\windows\System32\cfgmgr32.dll
0x00007ffd93bf0000 - 0x00007ffd93c98000 	C:\windows\System32\shcore.dll
0x00007ffd912f0000 - 0x00007ffd91a6b000 	C:\windows\System32\windows.storage.dll
0x00007ffd910c0000 - 0x00007ffd910de000 	C:\windows\System32\profapi.dll
0x00007ffd91100000 - 0x00007ffd9114a000 	C:\windows\System32\powrprof.dll
0x00007ffd91090000 - 0x00007ffd910a0000 	C:\windows\System32\UMPDC.dll
0x00007ffd92340000 - 0x00007ffd92392000 	C:\windows\System32\shlwapi.dll
0x00007ffd910a0000 - 0x00007ffd910b1000 	C:\windows\System32\kernel.appcore.dll
0x00007ffd92070000 - 0x00007ffd92087000 	C:\windows\System32\cryptsp.dll
0x00007ffd90c70000 - 0x00007ffd90c7a000 	C:\windows\SYSTEM32\VERSION.dll
0x00007ffd6a330000 - 0x00007ffd6a345000 	D:\Development\jdk-8u261\jre\bin\vcruntime140.dll
0x00007ffd53070000 - 0x00007ffd5310b000 	D:\Development\jdk-8u261\jre\bin\msvcp140.dll
0x0000000053bb0000 - 0x000000005441c000 	D:\Development\jdk-8u261\jre\bin\server\jvm.dll
0x00007ffd93690000 - 0x00007ffd93698000 	C:\windows\System32\PSAPI.DLL
0x00007ffd8ef00000 - 0x00007ffd8ef24000 	C:\windows\SYSTEM32\WINMM.dll
0x00007ffd8a810000 - 0x00007ffd8a819000 	C:\windows\SYSTEM32\WSOCK32.dll
0x00007ffd92f70000 - 0x00007ffd92fdf000 	C:\windows\System32\WS2_32.dll
0x00007ffd8ea80000 - 0x00007ffd8eaad000 	C:\windows\SYSTEM32\WINMMBASE.dll
0x00007ffd6d5a0000 - 0x00007ffd6d5b0000 	D:\Development\jdk-8u261\jre\bin\verify.dll
0x00007ffd65a80000 - 0x00007ffd65aab000 	D:\Development\jdk-8u261\jre\bin\java.dll
0x00007ffd7ec70000 - 0x00007ffd7eca2000 	D:\Development\jdk-8u261\jre\bin\instrument.dll
0x00007ffd65bf0000 - 0x00007ffd65c08000 	D:\Development\jdk-8u261\jre\bin\zip.dll
0x00007ffd7e220000 - 0x00007ffd7e23a000 	D:\Development\IDEA2020.2\IntelliJ IDEA 2020.2.2\bin\breakgen64.dll
0x00007ffd65120000 - 0x00007ffd6513c000 	D:\Development\jdk-8u261\jre\bin\net.dll
0x00007ffd838a0000 - 0x00007ffd83b81000 	C:\Windows\Netease\Booster\lsp64.dll
0x00007ffd91c60000 - 0x00007ffd91db1000 	C:\windows\System32\CRYPT32.dll
0x00007ffd910e0000 - 0x00007ffd910f2000 	C:\windows\System32\MSASN1.dll
0x00007ffd836a0000 - 0x00007ffd83894000 	C:\windows\SYSTEM32\dbghelp.dll
0x00007ffd90570000 - 0x00007ffd905aa000 	C:\windows\SYSTEM32\IPHLPAPI.DLL
0x00007ffd90860000 - 0x00007ffd908c7000 	C:\windows\system32\mswsock.dll
0x00007ffd91a70000 - 0x00007ffd91acc000 	C:\windows\System32\WINTRUST.DLL
0x00007ffd925f0000 - 0x00007ffd9260d000 	C:\windows\System32\imagehlp.dll
0x00007ffd903e0000 - 0x00007ffd90413000 	C:\windows\system32\rsaenh.dll
0x00007ffd92090000 - 0x00007ffd920b6000 	C:\windows\System32\bcrypt.dll
0x00007ffd90a30000 - 0x00007ffd90a3c000 	C:\windows\SYSTEM32\CRYPTBASE.dll
0x00007ffd87f00000 - 0x00007ffd87f0a000 	C:\windows\system32\wshqos.dll
0x00007ffd87ef0000 - 0x00007ffd87ef8000 	C:\windows\SYSTEM32\wshtcpip.DLL
0x00007ffd83f20000 - 0x00007ffd83f28000 	C:\windows\SYSTEM32\wship6.dll
0x00007ffd905b0000 - 0x00007ffd9067b000 	C:\windows\SYSTEM32\DNSAPI.dll
0x00007ffd93be0000 - 0x00007ffd93be8000 	C:\windows\System32\NSI.dll
0x00007ffd83370000 - 0x00007ffd83386000 	C:\windows\system32\wlidnsp.dll
0x00007ffd83390000 - 0x00007ffd8339a000 	C:\Windows\System32\rasadhlp.dll
0x00007ffd87db0000 - 0x00007ffd87e27000 	C:\windows\System32\fwpuclnt.dll
0x00007ffd8d720000 - 0x00007ffd8d72d000 	D:\Development\jdk-8u261\jre\bin\management.dll
0x00007ffd65ad0000 - 0x00007ffd65ae3000 	D:\Development\jdk-8u261\jre\bin\nio.dll
0x00007ffd90fb0000 - 0x00007ffd90fd5000 	C:\windows\SYSTEM32\USERENV.dll
0x00007ffd89fd0000 - 0x00007ffd89fe6000 	C:\windows\SYSTEM32\dhcpcsvc6.DLL
0x00007ffd89fb0000 - 0x00007ffd89fcc000 	C:\windows\SYSTEM32\dhcpcsvc.DLL
0x00007ffd712b0000 - 0x00007ffd712c6000 	C:\windows\system32\napinsp.dll
0x00007ffd71290000 - 0x00007ffd712aa000 	C:\windows\system32\pnrpnsp.dll
0x00007ffd75bf0000 - 0x00007ffd75bfe000 	C:\windows\System32\winrnr.dll
0x00007ffd8d6f0000 - 0x00007ffd8d70c000 	C:\windows\system32\NLAapi.dll
0x00007ffd71270000 - 0x00007ffd71285000 	C:\windows\system32\wshbth.dll
0x00007ffd7e1c0000 - 0x00007ffd7e1e4000 	D:\Development\jdk-8u261\jre\bin\sunec.dll
0x00007ffd7e1b0000 - 0x00007ffd7e1bd000 	D:\Development\jdk-8u261\jre\bin\sunmscapi.dll
0x00007ffd90b40000 - 0x00007ffd90b66000 	C:\windows\SYSTEM32\ncrypt.dll
0x00007ffd90b00000 - 0x00007ffd90b3b000 	C:\windows\SYSTEM32\NTASN1.dll
0x0000000010000000 - 0x0000000010070000 	D:\java\bin\sigar-amd64-winnt.dll
0x00007ffd92fe0000 - 0x00007ffd93137000 	C:\windows\System32\ole32.dll
0x00007ffd93370000 - 0x00007ffd93435000 	C:\windows\System32\OLEAUT32.dll
0x00007ffd88090000 - 0x00007ffd880a7000 	C:\windows\SYSTEM32\NETAPI32.dll
0x00007ffd61a20000 - 0x00007ffd61a68000 	C:\windows\SYSTEM32\pdh.dll
0x00007ffd90680000 - 0x00007ffd9068c000 	C:\windows\SYSTEM32\NETUTILS.DLL
0x00007ffd82b20000 - 0x00007ffd82b46000 	C:\windows\SYSTEM32\SRVCLI.DLL

VM Arguments:
jvm_args: -XX:TieredStopAtLevel=1 -Xverify:none -Dspring.output.ansi.enabled=always -Dcom.sun.management.jmxremote -Dspring.jmx.enabled=true -Dspring.liveBeansView.mbeanDomain -Dspring.application.admin.enabled=true -javaagent:D:\Development\IDEA2020.2\IntelliJ IDEA 2020.2.2\lib\idea_rt.jar=26021:D:\Development\IDEA2020.2\IntelliJ IDEA 2020.2.2\bin -Dfile.encoding=UTF-8 
java_command: com.example.deviceinfo.DeviceInfoApplication
java_class_path (initial): D:\Development\jdk-8u261\jre\lib\charsets.jar;D:\Development\jdk-8u261\jre\lib\deploy.jar;D:\Development\jdk-8u261\jre\lib\ext\access-bridge-64.jar;D:\Development\jdk-8u261\jre\lib\ext\cldrdata.jar;D:\Development\jdk-8u261\jre\lib\ext\dnsns.jar;D:\Development\jdk-8u261\jre\lib\ext\jaccess.jar;D:\Development\jdk-8u261\jre\lib\ext\jfxrt.jar;D:\Development\jdk-8u261\jre\lib\ext\localedata.jar;D:\Development\jdk-8u261\jre\lib\ext\nashorn.jar;D:\Development\jdk-8u261\jre\lib\ext\sunec.jar;D:\Development\jdk-8u261\jre\lib\ext\sunjce_provider.jar;D:\Development\jdk-8u261\jre\lib\ext\sunmscapi.jar;D:\Development\jdk-8u261\jre\lib\ext\sunpkcs11.jar;D:\Development\jdk-8u261\jre\lib\ext\zipfs.jar;D:\Development\jdk-8u261\jre\lib\javaws.jar;D:\Development\jdk-8u261\jre\lib\jce.jar;D:\Development\jdk-8u261\jre\lib\jfr.jar;D:\Development\jdk-8u261\jre\lib\jfxswt.jar;D:\Development\jdk-8u261\jre\lib\jsse.jar;D:\Development\jdk-8u261\jre\lib\management-agent.jar;D:\Development\jdk-8u261\jre\lib\plugin.jar;D:\Development\jdk-8u261\jre\lib\resources.jar;D:\Development\jdk-8u261\jre\lib\rt.jar;F:\zhangjun\探针代码\deviceInfo\target\classes;C:\Users\USER\.m2\repository\org\springframework\boot\spring-boot-starter\2.6.6\spring-boot-starter-2.6.6.jar;C:\Users\USER\.m2\repository\org\springframework\boot\spring-boot\2.6.6\spring-boot-2.6.6.jar;C:\Users\USER\.m2\repository\org\springframework\spring-context\5.3.18\spring-context-5.3.18.jar;C:\Users\USER\.m2\repository\org\springframework\boot\spring-boot-autoconfigure\2.6.6\spring-boot-autoconfigure-2.6.6.jar;C:\Users\USER\.m2\repository\org\springframework\boot\spring-boot-starter-logging\2.6.6\spring-boot-starter-logging-2.6.6.jar;C:\Users\USER\.m2\repository\ch\qos\logback\logback-classic\1.2.11\logback-classic-1.2.11.jar;C:\Users\USER\.m2\repository\ch\qos\logback\logback-core\1.2.11\logback-core-1.2.11.jar;C:\Users\USER\.m2\repository\org\apache\logging\log4j\log4j-to-slf4j\2.17.2\log4j-to-slf4j-2.17.2.jar
Launcher Type: SUN_STANDARD

Environment Variables:
JAVA_HOME=D:\java
CLASSPATH=D:\java\bin;D:\java\lib\dt.jar;D:\java\lib\tools.jar
PATH=D:\python\Scripts\;D:\python\;D:\java\jre\bin;D:\java\bin;C:\Users\USER\.m2\wrapper\dists\apache-maven-3.6.3-bin\1iopthnavndlasol9gbrbg6bf2\apache-maven-3.6.3\bin;C:\windows\system32;C:\windows;C:\windows\System32\Wbem;C:\windows\System32\WindowsPowerShell\v1.0\;C:\windows\System32\OpenSSH\;D:\Development\Nodejs\;D:\软件\Git\cmd;D:\Development\Xftp\;C:\Program Files\dotnet\;D:\软件下载\;C:\Users\USER\AppData\Local\Programs\Python\Python39\Scripts\;C:\Users\USER\AppData\Local\Programs\Python\Python39\;C:\Users\USER\AppData\Local\Microsoft\WindowsApps;D:\Development\Vscode\Microsoft VS Code\bin;D:\ScanSoftware\Nmap;C:\Users\USER\AppData\Roaming\npm;D:\Anaconda\Scripts;
USERNAME=USER
OS=Windows_NT
PROCESSOR_IDENTIFIER=Intel64 Family 6 Model 158 Stepping 10, GenuineIntel



---------------  S Y S T E M  ---------------

OS: Windows 10.0 , 64 bit Build 18362 (10.0.18362.1500)

CPU:total 6 (initial active 6) (6 cores per cpu, 1 threads per core) family 6 model 158 stepping 10, cmov, cx8, fxsr, mmx, sse, sse2, sse3, ssse3, sse4.1, sse4.2, popcnt, avx, avx2, aes, clmul, erms, rtm, 3dnowpref, lzcnt, tsc, tscinvbit, bmi1, bmi2, adx

Memory: 4k page, physical 16546088k(8560856k free), swap 29129000k(18497948k free)

vm_info: Java HotSpot(TM) 64-Bit Server VM (25.261-b12) for windows-amd64 JRE (1.8.0_261-b12), built on Jun 18 2020 06:56:32 by "" with unknown MS VC++:1916

time: Tue Oct  3 14:22:57 2023
timezone: ?D1ú±ê×?ê±??
elapsed time: 2 seconds (0d 0h 0m 2s)

